OpenROAD 75f2f325b7a42e56a92404f33af8e96530d9b202 
This program is licensed under the BSD-3 license. See the LICENSE file for details.
Components of this program may be licensed under more restrictive licenses which must be honored.
[INFO]: Reading ODB at '/openlane/designs/designs/ci/test_sram_macro/runs/RUN_2024.02.03_10.58.21/tmp/placement/16-io.odb'…
define_corners Typical
read_liberty -corner Typical /home/vignesh/.volare/sky130A/libs.ref/sky130_fd_sc_hd/lib/sky130_fd_sc_hd__tt_025C_1v80.lib
read_liberty -corner Typical /home/vignesh/.volare/sky130B/libs.ref/sky130_sram_macros/lib/sky130_sram_1kbyte_1rw1r_32x256_8_TT_1p8V_25C.lib
Using 1e-12 for capacitance...
Using 1e+03 for resistance...
Using 1e-09 for time...
Using 1e+00 for voltage...
Using 1e-03 for current...
Using 1e-09 for power...
Using 1e-06 for distance...
Reading design constraints file at '/openlane/scripts/base.sdc'…
[INFO]: Setting output delay to: 5.0
[INFO]: Setting input delay to: 5.0
[INFO]: Setting load to: 0.033442
[INFO]: Setting clock uncertainty to: 0.25
[INFO]: Setting clock transition to: 0.15
[INFO]: Setting timing derate to: 5.0 %
[INFO]: Setting RC values...
[INFO]: Setting signal min routing layer to: met1 and clock min routing layer to met1. 
[INFO]: Setting signal max routing layer to: met5 and clock max routing layer to met5. 
[WARNING GPL-0150] -skip_io will disable timing driven mode.
[WARNING GPL-0151] -skip_io will disable routability driven mode.
[INFO GPL-0002] DBU: 1000
[INFO GPL-0003] SiteSize: 460 2720
[INFO GPL-0004] CoreAreaLxLy: 5520 10880
[INFO GPL-0005] CoreAreaUxUy: 744280 1237600
[INFO GPL-0006] NumInstances: 9341
[INFO GPL-0007] NumPlaceInstances: 372
[INFO GPL-0008] NumFixedInstances: 8365
[INFO GPL-0009] NumDummyInstances: 604
[INFO GPL-0010] NumNets: 584
[INFO GPL-0011] NumPins: 1416
[INFO GPL-0012] DieAreaLxLy: 0 0
[INFO GPL-0013] DieAreaUxUy: 750000 1250000
[INFO GPL-0014] CoreAreaLxLy: 5520 10880
[INFO GPL-0015] CoreAreaUxUy: 744280 1237600
[INFO GPL-0016] CoreArea: 906251667200
[INFO GPL-0017] NonPlaceInstsArea: 434524243200
[INFO GPL-0018] PlaceInstsArea: 3578432000
[INFO GPL-0019] Util(%): 0.76
[INFO GPL-0020] StdInstsArea: 3578432000
[INFO GPL-0021] MacroInstsArea: 0
[INFO GPL-0031] FillerInit: NumGCells: 25423
[INFO GPL-0032] FillerInit: NumGNets: 584
[INFO GPL-0033] FillerInit: NumGPins: 1416
[INFO GPL-0023] TargetDensity: 0.50
[INFO GPL-0024] AveragePlaceInstArea: 9619440
[INFO GPL-0025] IdealBinArea: 19238880
[INFO GPL-0026] IdealBinCnt: 47105
[INFO GPL-0027] TotalBinArea: 906251667200
[INFO GPL-0028] BinCnt: 128 128
[INFO GPL-0029] BinSize: 5772 9584
[INFO GPL-0030] NumBins: 16384
[NesterovSolve] Iter: 1 overflow: 0.784615 HPWL: 37332913
[NesterovSolve] Iter: 10 overflow: 0.622628 HPWL: 23160105
[NesterovSolve] Iter: 20 overflow: 0.613663 HPWL: 20281268
[NesterovSolve] Iter: 30 overflow: 0.612662 HPWL: 21202682
[NesterovSolve] Iter: 40 overflow: 0.619434 HPWL: 20698260
[NesterovSolve] Iter: 50 overflow: 0.608967 HPWL: 20798033
[NesterovSolve] Iter: 60 overflow: 0.613336 HPWL: 20836801
[NesterovSolve] Iter: 70 overflow: 0.617297 HPWL: 20754019
[NesterovSolve] Iter: 80 overflow: 0.611707 HPWL: 20807415
[NesterovSolve] Iter: 90 overflow: 0.615053 HPWL: 20788364
[NesterovSolve] Iter: 100 overflow: 0.613909 HPWL: 20791193
[NesterovSolve] Iter: 110 overflow: 0.612763 HPWL: 20810926
[NesterovSolve] Iter: 120 overflow: 0.614259 HPWL: 20818037
[NesterovSolve] Iter: 130 overflow: 0.613093 HPWL: 20863289
[NesterovSolve] Iter: 140 overflow: 0.61296 HPWL: 20924567
[NesterovSolve] Iter: 150 overflow: 0.612912 HPWL: 21032438
[NesterovSolve] Iter: 160 overflow: 0.612056 HPWL: 21178065
[NesterovSolve] Iter: 170 overflow: 0.610653 HPWL: 21327789
[NesterovSolve] Iter: 180 overflow: 0.610031 HPWL: 21335953
[NesterovSolve] Iter: 190 overflow: 0.60931 HPWL: 21353714
[NesterovSolve] Iter: 200 overflow: 0.608485 HPWL: 21374969
[NesterovSolve] Iter: 210 overflow: 0.607811 HPWL: 21455007
[NesterovSolve] Iter: 220 overflow: 0.604674 HPWL: 21517235
[NesterovSolve] Iter: 230 overflow: 0.606425 HPWL: 21353248
[NesterovSolve] Iter: 240 overflow: 0.599041 HPWL: 21205364
[NesterovSolve] Iter: 250 overflow: 0.588727 HPWL: 21032026
[NesterovSolve] Iter: 260 overflow: 0.595616 HPWL: 20674220
[NesterovSolve] Iter: 270 overflow: 0.565325 HPWL: 20499904
[NesterovSolve] Iter: 280 overflow: 0.455959 HPWL: 20715348
[NesterovSolve] Iter: 290 overflow: 0.276436 HPWL: 20773025
[NesterovSolve] Iter: 300 overflow: 0.227768 HPWL: 20911942
[NesterovSolve] Iter: 310 overflow: 0.192575 HPWL: 21039613
[NesterovSolve] Iter: 320 overflow: 0.155072 HPWL: 21089392
[NesterovSolve] Iter: 330 overflow: 0.125598 HPWL: 21197548
[NesterovSolve] Iter: 340 overflow: 0.111553 HPWL: 21223307
[NesterovSolve] Iter: 350 overflow: 0.105502 HPWL: 21130627
[NesterovSolve] Finished with Overflow: 0.098401
Setting global connections for newly added cells…
Writing OpenROAD database to '/openlane/designs/designs/ci/test_sram_macro/runs/RUN_2024.02.03_10.58.21/tmp/placement/17-global.odb'…
Writing netlist to '/openlane/designs/designs/ci/test_sram_macro/runs/RUN_2024.02.03_10.58.21/tmp/placement/17-global.nl.v'…
Writing powered netlist to '/openlane/designs/designs/ci/test_sram_macro/runs/RUN_2024.02.03_10.58.21/tmp/placement/17-global.pnl.v'…
Writing layout to '/openlane/designs/designs/ci/test_sram_macro/runs/RUN_2024.02.03_10.58.21/tmp/placement/17-global.def'…
