OpenROAD 75f2f325b7a42e56a92404f33af8e96530d9b202 
This program is licensed under the BSD-3 license. See the LICENSE file for details.
Components of this program may be licensed under more restrictive licenses which must be honored.
[INFO]: Reading ODB at '/home/vignesh/OpenLane/designs/designs/ci/picorv32_base/runs/RUN_2024.02.03_09.21.58/tmp/20-picorv32_base.odb'…
define_corners Typical
read_liberty -corner Typical /home/vignesh/.volare/sky130A/libs.ref/sky130_fd_sc_hd/lib/sky130_fd_sc_hd__tt_025C_1v80.lib
Using 1e-12 for capacitance...
Using 1e+03 for resistance...
Using 1e-09 for time...
Using 1e+00 for voltage...
Using 1e-03 for current...
Using 1e-09 for power...
Using 1e-06 for distance...
Reading design constraints file at '/home/vignesh/OpenLane/scripts/base.sdc'…
[INFO]: Setting output delay to: 2.0
[INFO]: Setting input delay to: 2.0
[INFO]: Setting load to: 0.033442
[INFO]: Setting clock uncertainty to: 0.25
[INFO]: Setting clock transition to: 0.15
[INFO]: Setting timing derate to: 5.0 %
[INFO]: Setting signal min routing layer to: met1 and clock min routing layer to met1. 
[INFO]: Setting signal max routing layer to: met5 and clock max routing layer to met5. 
-congestion_iterations 50 -verbose -congestion_report_file /home/vignesh/OpenLane/designs/designs/ci/picorv32_base/runs/RUN_2024.02.03_09.21.58/tmp/routing/groute-congestion.rpt
[INFO GRT-0020] Min routing layer: met1
[INFO GRT-0021] Max routing layer: met5
[INFO GRT-0022] Global adjustment: 30%
[INFO GRT-0023] Grid origin: (0, 0)
[INFO GRT-0043] No OR_DEFAULT vias defined.
[INFO GRT-0088] Layer li1     Track-Pitch = 0.4600  line-2-Via Pitch: 0.3400
[INFO GRT-0088] Layer met1    Track-Pitch = 0.3400  line-2-Via Pitch: 0.3400
[INFO GRT-0088] Layer met2    Track-Pitch = 0.4600  line-2-Via Pitch: 0.3500
[INFO GRT-0088] Layer met3    Track-Pitch = 0.6800  line-2-Via Pitch: 0.6150
[INFO GRT-0088] Layer met4    Track-Pitch = 0.9200  line-2-Via Pitch: 1.0400
[INFO GRT-0088] Layer met5    Track-Pitch = 3.4000  line-2-Via Pitch: 3.1100
[INFO GRT-0019] Found 282 clock nets.
[INFO GRT-0001] Minimum degree: 2
[INFO GRT-0002] Maximum degree: 18
[INFO GRT-0003] Macros: 0
[INFO GRT-0004] Blockages: 38003

[INFO GRT-0053] Routing resources analysis:
          Routing      Original      Derated      Resource
Layer     Direction    Resources     Resources    Reduction (%)
---------------------------------------------------------------
li1        Vertical            0             0          0.00%
met1       Horizontal     172920         83369          51.79%
met2       Vertical       130314         85618          34.30%
met3       Horizontal      86460         59516          31.16%
met4       Vertical        52276         33138          36.61%
met5       Horizontal      17292          8190          52.64%
---------------------------------------------------------------

[INFO GRT-0101] Running extra iterations to remove overflow.
[INFO GRT-0197] Via related to pin nodes: 93724
[INFO GRT-0198] Via related Steiner nodes: 3393
[INFO GRT-0199] Via filling finished.
[INFO GRT-0111] Final number of vias: 110242
[INFO GRT-0112] Final usage 3D: 468557

[INFO GRT-0096] Final congestion report:
Layer         Resource        Demand        Usage (%)    Max H / Max V / Total Overflow
---------------------------------------------------------------------------------------
li1                  0             0            0.00%             0 /  0 /  0
met1             83369         45945           55.11%             0 /  0 /  0
met2             85618         52211           60.98%             0 /  0 /  0
met3             59516         22739           38.21%             0 /  0 /  0
met4             33138         15524           46.85%             0 /  0 /  0
met5              8190          1412           17.24%             0 /  0 /  0
---------------------------------------------------------------------------------------
Total           269831        137831           51.08%             0 /  0 /  0

[INFO GRT-0018] Total wirelength: 1326587 um
[INFO GRT-0014] Routed nets: 21470
[INFO GRT-0006] Repairing antennas, iteration 1.
[INFO GRT-0043] No OR_DEFAULT vias defined.
[WARNING ANT-0009] Net _00172_ requires more than 10 diodes per gate to repair violations.
[WARNING ANT-0009] Net genblk1.pcpi_mul.rd\[28\] requires more than 10 diodes per gate to repair violations.
[INFO GRT-0012] Found 433 antenna violations.
[INFO GRT-0015] Inserted 841 diodes.
[INFO GRT-0054] Using detailed placer to place 91 diodes.
[INFO GRT-0009] rerouting 16437 nets.
[INFO GRT-0001] Minimum degree: 2
[INFO GRT-0002] Maximum degree: 23
[INFO GRT-0006] Repairing antennas, iteration 2.
[INFO GRT-0043] No OR_DEFAULT vias defined.
[INFO GRT-0012] Found 140 antenna violations.
[INFO GRT-0015] Inserted 251 diodes.
[INFO GRT-0054] Using detailed placer to place 1 diodes.
[INFO GRT-0009] rerouting 1797 nets.
[INFO GRT-0001] Minimum degree: 2
[INFO GRT-0002] Maximum degree: 23
[INFO GRT-0006] Repairing antennas, iteration 3.
[INFO GRT-0043] No OR_DEFAULT vias defined.
[INFO GRT-0012] Found 34 antenna violations.
[INFO GRT-0015] Inserted 50 diodes.
[INFO GRT-0009] rerouting 345 nets.
[INFO GRT-0001] Minimum degree: 2
[INFO GRT-0002] Maximum degree: 23
[INFO GRT-0001] Minimum degree: 2
[INFO GRT-0002] Maximum degree: 23
[INFO GRT-0006] Repairing antennas, iteration 4.
[INFO GRT-0043] No OR_DEFAULT vias defined.
[INFO GRT-0012] Found 14 antenna violations.
[INFO GRT-0015] Inserted 30 diodes.
[INFO GRT-0009] rerouting 219 nets.
[INFO GRT-0001] Minimum degree: 2
[INFO GRT-0002] Maximum degree: 18
[INFO GRT-0001] Minimum degree: 2
[INFO GRT-0002] Maximum degree: 18
[INFO GRT-0006] Repairing antennas, iteration 5.
[INFO GRT-0043] No OR_DEFAULT vias defined.
[INFO GRT-0012] Found 9 antenna violations.
[INFO GRT-0015] Inserted 18 diodes.
[INFO GRT-0009] rerouting 117 nets.
[INFO GRT-0001] Minimum degree: 2
[INFO GRT-0002] Maximum degree: 24
[INFO GRT-0001] Minimum degree: 2
[INFO GRT-0002] Maximum degree: 24
[INFO GRT-0006] Repairing antennas, iteration 6.
[INFO GRT-0043] No OR_DEFAULT vias defined.
[INFO GRT-0012] Found 4 antenna violations.
[INFO GRT-0015] Inserted 6 diodes.
[INFO GRT-0009] rerouting 28 nets.
[INFO GRT-0001] Minimum degree: 2
[INFO GRT-0002] Maximum degree: 24
[INFO GRT-0001] Minimum degree: 2
[INFO GRT-0002] Maximum degree: 24
[INFO GRT-0006] Repairing antennas, iteration 7.
[INFO GRT-0043] No OR_DEFAULT vias defined.
[INFO GRT-0012] Found 3 antenna violations.
[INFO GRT-0015] Inserted 3 diodes.
[INFO GRT-0009] rerouting 19 nets.
[INFO GRT-0001] Minimum degree: 2
[INFO GRT-0002] Maximum degree: 17
[INFO GRT-0006] Repairing antennas, iteration 8.
[INFO GRT-0043] No OR_DEFAULT vias defined.
[INFO GRT-0012] Found 0 antenna violations.
Placement Analysis
---------------------------------
total displacement          0.0 u
average displacement        0.0 u
max displacement            0.0 u
original HPWL          810726.0 u
legalized HPWL         810726.0 u
delta HPWL                    0 %

[INFO DPL-0020] Mirrored 9128 instances
[INFO DPL-0021] HPWL before          810726.0 u
[INFO DPL-0022] HPWL after           792746.7 u
[INFO DPL-0023] HPWL delta               -2.2 %
[INFO]: Setting signal min routing layer to: met1 and clock min routing layer to met1. 
[INFO]: Setting signal max routing layer to: met5 and clock max routing layer to met5. 
-congestion_iterations 50 -verbose -congestion_report_file /home/vignesh/OpenLane/designs/designs/ci/picorv32_base/runs/RUN_2024.02.03_09.21.58/tmp/routing/groute-congestion.rpt
[INFO GRT-0020] Min routing layer: met1
[INFO GRT-0021] Max routing layer: met5
[INFO GRT-0022] Global adjustment: 30%
[INFO GRT-0023] Grid origin: (0, 0)
[INFO GRT-0043] No OR_DEFAULT vias defined.
[INFO GRT-0088] Layer li1     Track-Pitch = 0.4600  line-2-Via Pitch: 0.3400
[INFO GRT-0088] Layer met1    Track-Pitch = 0.3400  line-2-Via Pitch: 0.3400
[INFO GRT-0088] Layer met2    Track-Pitch = 0.4600  line-2-Via Pitch: 0.3500
[INFO GRT-0088] Layer met3    Track-Pitch = 0.6800  line-2-Via Pitch: 0.6150
[INFO GRT-0088] Layer met4    Track-Pitch = 0.9200  line-2-Via Pitch: 1.0400
[INFO GRT-0088] Layer met5    Track-Pitch = 3.4000  line-2-Via Pitch: 3.1100
[INFO GRT-0019] Found 282 clock nets.
[INFO GRT-0001] Minimum degree: 2
[INFO GRT-0002] Maximum degree: 24
[INFO GRT-0003] Macros: 0
[INFO GRT-0004] Blockages: 38003

[INFO GRT-0053] Routing resources analysis:
          Routing      Original      Derated      Resource
Layer     Direction    Resources     Resources    Reduction (%)
---------------------------------------------------------------
li1        Vertical            0             0          0.00%
met1       Horizontal     172920         83370          51.79%
met2       Vertical       130314         85638          34.28%
met3       Horizontal      86460         59514          31.17%
met4       Vertical        52276         33138          36.61%
met5       Horizontal      17292          8190          52.64%
---------------------------------------------------------------

[INFO GRT-0101] Running extra iterations to remove overflow.
[INFO GRT-0197] Via related to pin nodes: 95459
[INFO GRT-0198] Via related Steiner nodes: 3518
[INFO GRT-0199] Via filling finished.
[INFO GRT-0111] Final number of vias: 112367
[INFO GRT-0112] Final usage 3D: 476354

[INFO GRT-0096] Final congestion report:
Layer         Resource        Demand        Usage (%)    Max H / Max V / Total Overflow
---------------------------------------------------------------------------------------
li1                  0             0            0.00%             0 /  0 /  0
met1             83370         46865           56.21%             0 /  0 /  0
met2             85638         52504           61.31%             0 /  0 /  0
met3             59514         23021           38.68%             0 /  0 /  0
met4             33138         15587           47.04%             0 /  0 /  0
met5              8190          1276           15.58%             0 /  0 /  0
---------------------------------------------------------------------------------------
Total           269850        139253           51.60%             0 /  0 /  0

[INFO GRT-0018] Total wirelength: 1346369 um
[INFO GRT-0014] Routed nets: 21470
Setting global connections for newly added cells…
Writing OpenROAD database to '/home/vignesh/OpenLane/designs/designs/ci/picorv32_base/runs/RUN_2024.02.03_09.21.58/tmp/routing/22-global.odb'…
Writing layout to '/home/vignesh/OpenLane/designs/designs/ci/picorv32_base/runs/RUN_2024.02.03_09.21.58/tmp/routing/22-global.def'…
Writing routing guides to '/home/vignesh/OpenLane/designs/designs/ci/picorv32_base/runs/RUN_2024.02.03_09.21.58/tmp/routing/22-global.guide'…
