
61. Printing statistics.

=== picorv32_base ===

   Number of wires:              18734
   Number of wire bits:          19116
   Number of public wires:        2004
   Number of public wire bits:    2386
   Number of memories:               0
   Number of memory bits:            0
   Number of processes:              0
   Number of cells:              19014
     sky130_fd_sc_hd__a2111o_2      18
     sky130_fd_sc_hd__a2111oi_2      2
     sky130_fd_sc_hd__a211o_2      316
     sky130_fd_sc_hd__a211oi_2     124
     sky130_fd_sc_hd__a21bo_2      107
     sky130_fd_sc_hd__a21boi_2      41
     sky130_fd_sc_hd__a21o_2       532
     sky130_fd_sc_hd__a21oi_2      628
     sky130_fd_sc_hd__a221o_2      240
     sky130_fd_sc_hd__a221oi_2      13
     sky130_fd_sc_hd__a22o_2       696
     sky130_fd_sc_hd__a22oi_2      191
     sky130_fd_sc_hd__a2bb2o_2      60
     sky130_fd_sc_hd__a311o_2       14
     sky130_fd_sc_hd__a311oi_2       2
     sky130_fd_sc_hd__a31o_2       339
     sky130_fd_sc_hd__a31oi_2       20
     sky130_fd_sc_hd__a32o_2        47
     sky130_fd_sc_hd__a41o_2         9
     sky130_fd_sc_hd__and2_2       383
     sky130_fd_sc_hd__and2b_2      341
     sky130_fd_sc_hd__and3_2       432
     sky130_fd_sc_hd__and3b_2       64
     sky130_fd_sc_hd__and4_2       299
     sky130_fd_sc_hd__and4b_2       16
     sky130_fd_sc_hd__and4bb_2      20
     sky130_fd_sc_hd__buf_1       2687
     sky130_fd_sc_hd__buf_2          8
     sky130_fd_sc_hd__conb_1        41
     sky130_fd_sc_hd__dfxtp_2     2140
     sky130_fd_sc_hd__inv_2        191
     sky130_fd_sc_hd__mux2_2      1825
     sky130_fd_sc_hd__mux4_2       249
     sky130_fd_sc_hd__nand2_2     1042
     sky130_fd_sc_hd__nand2b_2       5
     sky130_fd_sc_hd__nand3_2      187
     sky130_fd_sc_hd__nand3b_2      27
     sky130_fd_sc_hd__nand4_2       91
     sky130_fd_sc_hd__nor2_2       972
     sky130_fd_sc_hd__nor2b_2        7
     sky130_fd_sc_hd__nor3_2       106
     sky130_fd_sc_hd__nor3b_2       10
     sky130_fd_sc_hd__nor4_2        23
     sky130_fd_sc_hd__o2111a_2       3
     sky130_fd_sc_hd__o2111ai_2      2
     sky130_fd_sc_hd__o211a_2      361
     sky130_fd_sc_hd__o211ai_2      93
     sky130_fd_sc_hd__o21a_2       317
     sky130_fd_sc_hd__o21ai_2      295
     sky130_fd_sc_hd__o21ba_2      148
     sky130_fd_sc_hd__o21bai_2      44
     sky130_fd_sc_hd__o221a_2      116
     sky130_fd_sc_hd__o221ai_2       2
     sky130_fd_sc_hd__o22a_2       170
     sky130_fd_sc_hd__o22ai_2       12
     sky130_fd_sc_hd__o2bb2a_2      46
     sky130_fd_sc_hd__o311a_2       17
     sky130_fd_sc_hd__o311ai_2       3
     sky130_fd_sc_hd__o31a_2        37
     sky130_fd_sc_hd__o31ai_2       19
     sky130_fd_sc_hd__o32a_2        12
     sky130_fd_sc_hd__o32ai_2        1
     sky130_fd_sc_hd__o41a_2         6
     sky130_fd_sc_hd__or2_2        717
     sky130_fd_sc_hd__or2b_2       223
     sky130_fd_sc_hd__or3_2        224
     sky130_fd_sc_hd__or3b_2        48
     sky130_fd_sc_hd__or4_2         95
     sky130_fd_sc_hd__or4b_2        18
     sky130_fd_sc_hd__or4bb_2       21
     sky130_fd_sc_hd__xnor2_2     1080
     sky130_fd_sc_hd__xor2_2       319

   Chip area for module '\picorv32_base': 196499.708800

