[INFO]: Run Directory: /home/vignesh/OpenLane/designs/designs/ci/picorv32_base/runs/RUN_2024.02.03_09.21.58
[INFO]: Saving runtime environment...
[INFO]: Preparing LEF files for the nom corner...
[INFO]: Preparing LEF files for the min corner...
[INFO]: Preparing LEF files for the max corner...
[WARNING]: PNR_SDC_FILE is not set. It is recommended to write a custom SDC file for the design. Defaulting to BASE_SDC_FILE
[WARNING]: SIGNOFF_SDC_FILE is not set. It is recommended to write a custom SDC file for the design. Defaulting to BASE_SDC_FILE
[INFO]: Running linter (Verilator) (log: designs/designs/ci/picorv32_base/runs/RUN_2024.02.03_09.21.58/logs/synthesis/linter.log)...
[INFO]: 0 errors found by linter
[WARNING]: 487 warnings found by linter
[INFO]: Running Synthesis (log: designs/designs/ci/picorv32_base/runs/RUN_2024.02.03_09.21.58/logs/synthesis/1-synthesis.log)...
[INFO]: Running Single-Corner Static Timing Analysis (log: designs/designs/ci/picorv32_base/runs/RUN_2024.02.03_09.21.58/logs/synthesis/2-sta.log)...
[INFO]: Running Initial Floorplanning (log: designs/designs/ci/picorv32_base/runs/RUN_2024.02.03_09.21.58/logs/floorplan/3-initial_fp.log)...
[INFO]: Floorplanned with width 626.52 and height 625.6.
[INFO]: Running IO Placement (log: designs/designs/ci/picorv32_base/runs/RUN_2024.02.03_09.21.58/logs/floorplan/4-io.log)...
[INFO]: Running Tap/Decap Insertion (log: designs/designs/ci/picorv32_base/runs/RUN_2024.02.03_09.21.58/logs/floorplan/5-tap.log)...
[INFO]: Power planning with power {VPWR} and ground {VGND}...
[INFO]: Generating PDN (log: designs/designs/ci/picorv32_base/runs/RUN_2024.02.03_09.21.58/logs/floorplan/6-pdn.log)...
[INFO]: Running Global Placement (skip_io) (log: designs/designs/ci/picorv32_base/runs/RUN_2024.02.03_09.21.58/logs/placement/6-global_skip_io.log)...
[INFO]: Running Single-Corner Static Timing Analysis (log: designs/designs/ci/picorv32_base/runs/RUN_2024.02.03_09.21.58/logs/placement/8-gpl_sta.log)...
[INFO]: Running IO Placement (log: designs/designs/ci/picorv32_base/runs/RUN_2024.02.03_09.21.58/logs/placement/9-io.log)...
[INFO]: Running Global Placement (log: designs/designs/ci/picorv32_base/runs/RUN_2024.02.03_09.21.58/logs/placement/9-global.log)...
[INFO]: Running Single-Corner Static Timing Analysis (log: designs/designs/ci/picorv32_base/runs/RUN_2024.02.03_09.21.58/logs/placement/11-gpl_sta.log)...
[INFO]: Running Placement Resizer Design Optimizations (log: designs/designs/ci/picorv32_base/runs/RUN_2024.02.03_09.21.58/logs/placement/12-resizer.log)...
[INFO]: Running Detailed Placement (log: designs/designs/ci/picorv32_base/runs/RUN_2024.02.03_09.21.58/logs/placement/13-detailed.log)...
[INFO]: Running Single-Corner Static Timing Analysis (log: designs/designs/ci/picorv32_base/runs/RUN_2024.02.03_09.21.58/logs/placement/14-dpl_sta.log)...
[INFO]: Running Clock Tree Synthesis (log: designs/designs/ci/picorv32_base/runs/RUN_2024.02.03_09.21.58/logs/cts/15-cts.log)...
[INFO]: Running Single-Corner Static Timing Analysis (log: designs/designs/ci/picorv32_base/runs/RUN_2024.02.03_09.21.58/logs/cts/16-cts_sta.log)...
[INFO]: Running Placement Resizer Timing Optimizations (log: designs/designs/ci/picorv32_base/runs/RUN_2024.02.03_09.21.58/logs/cts/17-resizer.log)...
[INFO]: Running Global Routing Resizer Design Optimizations (log: designs/designs/ci/picorv32_base/runs/RUN_2024.02.03_09.21.58/logs/routing/18-resizer_design.log)...
[INFO]: Running Single-Corner Static Timing Analysis (log: designs/designs/ci/picorv32_base/runs/RUN_2024.02.03_09.21.58/logs/routing/19-rsz_design_sta.log)...
[INFO]: Running Global Routing Resizer Timing Optimizations (log: designs/designs/ci/picorv32_base/runs/RUN_2024.02.03_09.21.58/logs/routing/20-resizer_timing.log)...
[INFO]: Running Single-Corner Static Timing Analysis (log: designs/designs/ci/picorv32_base/runs/RUN_2024.02.03_09.21.58/logs/routing/21-rsz_timing_sta.log)...
[INFO]: Running Global Routing (log: designs/designs/ci/picorv32_base/runs/RUN_2024.02.03_09.21.58/logs/routing/22-global.log)...
[INFO]: Writing Verilog (log: designs/designs/ci/picorv32_base/runs/RUN_2024.02.03_09.21.58/logs/routing/22-global_write_netlist.log)...
[INFO]: Running Single-Corner Static Timing Analysis (log: designs/designs/ci/picorv32_base/runs/RUN_2024.02.03_09.21.58/logs/routing/24-grt_sta.log)...
[INFO]: Running Fill Insertion (log: designs/designs/ci/picorv32_base/runs/RUN_2024.02.03_09.21.58/logs/routing/25-fill.log)...
[INFO]: Running Detailed Routing (log: designs/designs/ci/picorv32_base/runs/RUN_2024.02.03_09.21.58/logs/routing/26-detailed.log)...
