OpenROAD 75f2f325b7a42e56a92404f33af8e96530d9b202 
This program is licensed under the BSD-3 license. See the LICENSE file for details.
Components of this program may be licensed under more restrictive licenses which must be honored.
[INFO ODB-0222] Reading LEF file: /openlane/designs/designs/ci/test_sram_macro/runs/RUN_2024.02.03_10.58.21/tmp/merged.nom.lef
[INFO ODB-0223]     Created 13 technology layers
[INFO ODB-0224]     Created 25 technology vias
[INFO ODB-0225]     Created 442 library cells
[INFO ODB-0226] Finished LEF file:  /openlane/designs/designs/ci/test_sram_macro/runs/RUN_2024.02.03_10.58.21/tmp/merged.nom.lef
[INFO ODB-0127] Reading DEF file: /openlane/designs/designs/ci/test_sram_macro/runs/RUN_2024.02.03_10.58.21/tmp/signoff/38-test_sram_macro.p.def
[INFO ODB-0128] Design: test_sram_macro
[INFO ODB-0130]     Created 150 pins.
[INFO ODB-0131]     Created 50426 components and 189996 component-terminals.
[INFO ODB-0132]     Created 2 special nets and 188014 connections.
[INFO ODB-0133]     Created 827 nets and 1962 connections.
[INFO ODB-0134] Finished DEF file: /openlane/designs/designs/ci/test_sram_macro/runs/RUN_2024.02.03_10.58.21/tmp/signoff/38-test_sram_macro.p.def
define_corners Typical
read_liberty -corner Typical /home/vignesh/.volare/sky130A/libs.ref/sky130_fd_sc_hd/lib/sky130_fd_sc_hd__tt_025C_1v80.lib
read_liberty -corner Typical /home/vignesh/.volare/sky130B/libs.ref/sky130_sram_macros/lib/sky130_sram_1kbyte_1rw1r_32x256_8_TT_1p8V_25C.lib
Using 1e-12 for capacitance...
Using 1e+03 for resistance...
Using 1e-09 for time...
Using 1e+00 for voltage...
Using 1e-03 for current...
Using 1e-09 for power...
Using 1e-06 for distance...
Reading design constraints file at '/openlane/scripts/base.sdc'…
[INFO]: Setting output delay to: 5.0
[INFO]: Setting input delay to: 5.0
[INFO]: Setting load to: 0.033442
[INFO]: Setting clock uncertainty to: 0.25
[INFO]: Setting clock transition to: 0.15
[INFO]: Setting timing derate to: 5.0 %
[WARNING] Did not save OpenROAD database!
Writing netlist to '/openlane/designs/designs/ci/test_sram_macro/runs/RUN_2024.02.03_10.58.21/tmp/signoff/38-test_sram_macro.nl.v'…
Writing powered netlist to '/openlane/designs/designs/ci/test_sram_macro/runs/RUN_2024.02.03_10.58.21/tmp/signoff/38-test_sram_macro.pnl.v'…
