OpenROAD 75f2f325b7a42e56a92404f33af8e96530d9b202 
This program is licensed under the BSD-3 license. See the LICENSE file for details.
Components of this program may be licensed under more restrictive licenses which must be honored.
[INFO ODB-0222] Reading LEF file: /openlane/designs/designs/ci/test_sram_macro/runs/RUN_2024.02.03_10.58.21/tmp/merged.nom.lef
[INFO ODB-0223]     Created 13 technology layers
[INFO ODB-0224]     Created 25 technology vias
[INFO ODB-0225]     Created 442 library cells
[INFO ODB-0226] Finished LEF file:  /openlane/designs/designs/ci/test_sram_macro/runs/RUN_2024.02.03_10.58.21/tmp/merged.nom.lef
[INFO ODB-0127] Reading DEF file: test_sram_macro.def
[INFO ODB-0128] Design: test_sram_macro
[INFO ODB-0130]     Created 150 pins.
[INFO ODB-0131]     Created 50426 components and 189996 component-terminals.
[INFO ODB-0132]     Created 2 special nets and 188014 connections.
[INFO ODB-0133]     Created 827 nets and 1962 connections.
[INFO ODB-0134] Finished DEF file: test_sram_macro.def
Top-level design name: test_sram_macro
Found default power net 'vccd1'
Found default ground net 'vssd1'
Found 1 power ports.
Found 1 ground ports.
Modified power connections of 50426/50426 cells.
