Netgen 1.5.255 compiled on Wed Jul 12 10:06:14 UTC 2023
Warning: netgen command 'format' use fully-qualified name '::netgen::format'
Warning: netgen command 'global' use fully-qualified name '::netgen::global'
Generating JSON file result
Reading netlist file /openlane/designs/designs/ci/test_sram_macro/runs/RUN_2024.02.03_10.58.21/results/signoff/test_sram_macro.spice
Reading netlist file /openlane/designs/designs/ci/test_sram_macro/runs/RUN_2024.02.03_10.58.21/tmp/signoff/38-test_sram_macro.pnl.v
Warning:  A case-insensitive file has been read and so the	verilog file must be treated case-insensitive to match.
Creating placeholder cell definition for module sky130_fd_sc_hd__diode_2.
Creating placeholder cell definition for module sky130_fd_sc_hd__decap_3.
Creating placeholder cell definition for module sky130_ef_sc_hd__decap_12.
Creating placeholder cell definition for module sky130_fd_sc_hd__decap_4.
Creating placeholder cell definition for module sky130_fd_sc_hd__fill_1.
Creating placeholder cell definition for module sky130_fd_sc_hd__decap_6.
Creating placeholder cell definition for module sky130_fd_sc_hd__fill_2.
Creating placeholder cell definition for module sky130_fd_sc_hd__decap_8.
Creating placeholder cell definition for module sky130_fd_sc_hd__tapvpwrvgnd_1.
Creating placeholder cell definition for module sky130_fd_sc_hd__inv_8.
Creating placeholder cell definition for module sky130_fd_sc_hd__inv_2.
Creating placeholder cell definition for module sky130_fd_sc_hd__buf_12.
Creating placeholder cell definition for module sky130_fd_sc_hd__clkbuf_4.
Creating placeholder cell definition for module sky130_fd_sc_hd__mux2_1.
Creating placeholder cell definition for module sky130_fd_sc_hd__buf_1.
Creating placeholder cell definition for module sky130_fd_sc_hd__dlymetal6s2s_1.
Creating placeholder cell definition for module sky130_fd_sc_hd__clkbuf_16.
Creating placeholder cell definition for module sky130_fd_sc_hd__clkbuf_2.
Creating placeholder cell definition for module sky130_fd_sc_hd__buf_2.
Creating placeholder cell definition for module sky130_fd_sc_hd__buf_6.
Creating placeholder cell definition for module sky130_fd_sc_hd__clkbuf_8.
Creating placeholder cell definition for module sky130_fd_sc_hd__buf_4.
Creating placeholder cell definition for module sky130_fd_sc_hd__buf_8.
Creating placeholder cell definition for module sky130_fd_sc_hd__or2_1.
Creating placeholder cell definition for module sky130_fd_sc_hd__o211a_1.
Creating placeholder cell definition for module sky130_fd_sc_hd__nand2_1.
Creating placeholder cell definition for module sky130_fd_sc_hd__dfxtp_1.
Creating placeholder cell definition for module sky130_sram_1kbyte_1rw1r_32x256_8.
Creating placeholder cell definition for module sky130_fd_sc_hd__conb_1.
Note:  Implicit pin LO in instance \submodule.sram0_237  of sky130_fd_sc_hd__conb_1 in cell test_sram_macro
Note:  Implicit pin HI in instance \submodule.sram0_219  of sky130_fd_sc_hd__conb_1 in cell test_sram_macro
Note:  Implicit pin HI in instance \submodule.sram0_220  of sky130_fd_sc_hd__conb_1 in cell test_sram_macro
Note:  Implicit pin HI in instance \submodule.sram0_221  of sky130_fd_sc_hd__conb_1 in cell test_sram_macro
Note:  Implicit pin HI in instance \submodule.sram0_222  of sky130_fd_sc_hd__conb_1 in cell test_sram_macro
Note:  Implicit pin HI in instance \submodule.sram0_223  of sky130_fd_sc_hd__conb_1 in cell test_sram_macro
Note:  Implicit pin HI in instance \submodule.sram0_224  of sky130_fd_sc_hd__conb_1 in cell test_sram_macro
Note:  Implicit pin HI in instance \submodule.sram0_225  of sky130_fd_sc_hd__conb_1 in cell test_sram_macro
Note:  Implicit pin HI in instance \submodule.sram0_226  of sky130_fd_sc_hd__conb_1 in cell test_sram_macro
Note:  Implicit pin HI in instance \submodule.sram0_227  of sky130_fd_sc_hd__conb_1 in cell test_sram_macro
Note:  Implicit pin HI in instance \submodule.sram1_228  of sky130_fd_sc_hd__conb_1 in cell test_sram_macro
Note:  Implicit pin HI in instance \submodule.sram1_229  of sky130_fd_sc_hd__conb_1 in cell test_sram_macro
Note:  Implicit pin HI in instance \submodule.sram1_230  of sky130_fd_sc_hd__conb_1 in cell test_sram_macro
Note:  Implicit pin HI in instance \submodule.sram1_231  of sky130_fd_sc_hd__conb_1 in cell test_sram_macro
Note:  Implicit pin HI in instance \submodule.sram1_232  of sky130_fd_sc_hd__conb_1 in cell test_sram_macro
Note:  Implicit pin HI in instance \submodule.sram1_233  of sky130_fd_sc_hd__conb_1 in cell test_sram_macro
Note:  Implicit pin HI in instance \submodule.sram1_234  of sky130_fd_sc_hd__conb_1 in cell test_sram_macro
Note:  Implicit pin HI in instance \submodule.sram1_235  of sky130_fd_sc_hd__conb_1 in cell test_sram_macro
Note:  Implicit pin HI in instance \submodule.sram1_236  of sky130_fd_sc_hd__conb_1 in cell test_sram_macro
Note:  Implicit pin LO in instance \submodule.sram1_238  of sky130_fd_sc_hd__conb_1 in cell test_sram_macro
Creating placeholder cell definition for module sky130_fd_sc_hd__clkbuf_1.

Reading setup file /home/vignesh/.volare/sky130A/libs.tech/netgen/sky130A_setup.tcl

Comparison output logged to file /openlane/designs/designs/ci/test_sram_macro/runs/RUN_2024.02.03_10.58.21/logs/signoff/41-test_sram_macro.lef.lvs.log
Logging to file "/openlane/designs/designs/ci/test_sram_macro/runs/RUN_2024.02.03_10.58.21/logs/signoff/41-test_sram_macro.lef.lvs.log" enabled

Contents of circuit 1:  Circuit: 'sky130_ef_sc_hd__decap_12'
Circuit sky130_ef_sc_hd__decap_12 contains 0 device instances.
Circuit contains 0 nets, and 4 disconnected pins.
Contents of circuit 2:  Circuit: 'sky130_ef_sc_hd__decap_12'
Circuit sky130_ef_sc_hd__decap_12 contains 0 device instances.
Circuit contains 0 nets.

Circuit sky130_ef_sc_hd__decap_12 contains no devices.

Contents of circuit 1:  Circuit: 'sky130_fd_sc_hd__decap_6'
Circuit sky130_fd_sc_hd__decap_6 contains 0 device instances.
Circuit contains 0 nets, and 4 disconnected pins.
Contents of circuit 2:  Circuit: 'sky130_fd_sc_hd__decap_6'
Circuit sky130_fd_sc_hd__decap_6 contains 0 device instances.
Circuit contains 0 nets.

Circuit sky130_fd_sc_hd__decap_6 contains no devices.

Contents of circuit 1:  Circuit: 'sky130_fd_sc_hd__fill_1'
Circuit sky130_fd_sc_hd__fill_1 contains 0 device instances.
Circuit contains 0 nets, and 4 disconnected pins.
Contents of circuit 2:  Circuit: 'sky130_fd_sc_hd__fill_1'
Circuit sky130_fd_sc_hd__fill_1 contains 0 device instances.
Circuit contains 0 nets.

Circuit sky130_fd_sc_hd__fill_1 contains no devices.

Contents of circuit 1:  Circuit: 'sky130_fd_sc_hd__tapvpwrvgnd_1'
Circuit sky130_fd_sc_hd__tapvpwrvgnd_1 contains 0 device instances.
Circuit contains 0 nets, and 2 disconnected pins.
Contents of circuit 2:  Circuit: 'sky130_fd_sc_hd__tapvpwrvgnd_1'
Circuit sky130_fd_sc_hd__tapvpwrvgnd_1 contains 0 device instances.
Circuit contains 0 nets.

Circuit sky130_fd_sc_hd__tapvpwrvgnd_1 contains no devices.

Contents of circuit 1:  Circuit: 'sky130_fd_sc_hd__decap_3'
Circuit sky130_fd_sc_hd__decap_3 contains 0 device instances.
Circuit contains 0 nets, and 4 disconnected pins.
Contents of circuit 2:  Circuit: 'sky130_fd_sc_hd__decap_3'
Circuit sky130_fd_sc_hd__decap_3 contains 0 device instances.
Circuit contains 0 nets.

Circuit sky130_fd_sc_hd__decap_3 contains no devices.

Contents of circuit 1:  Circuit: 'sky130_fd_sc_hd__decap_8'
Circuit sky130_fd_sc_hd__decap_8 contains 0 device instances.
Circuit contains 0 nets, and 4 disconnected pins.
Contents of circuit 2:  Circuit: 'sky130_fd_sc_hd__decap_8'
Circuit sky130_fd_sc_hd__decap_8 contains 0 device instances.
Circuit contains 0 nets.

Circuit sky130_fd_sc_hd__decap_8 contains no devices.

Contents of circuit 1:  Circuit: 'sky130_fd_sc_hd__or2_1'
Circuit sky130_fd_sc_hd__or2_1 contains 0 device instances.
Circuit contains 0 nets, and 7 disconnected pins.
Contents of circuit 2:  Circuit: 'sky130_fd_sc_hd__or2_1'
Circuit sky130_fd_sc_hd__or2_1 contains 0 device instances.
Circuit contains 0 nets.

Circuit sky130_fd_sc_hd__or2_1 contains no devices.

Contents of circuit 1:  Circuit: 'sky130_fd_sc_hd__mux2_1'
Circuit sky130_fd_sc_hd__mux2_1 contains 0 device instances.
Circuit contains 0 nets, and 8 disconnected pins.
Contents of circuit 2:  Circuit: 'sky130_fd_sc_hd__mux2_1'
Circuit sky130_fd_sc_hd__mux2_1 contains 0 device instances.
Circuit contains 0 nets.

Circuit sky130_fd_sc_hd__mux2_1 contains no devices.

Contents of circuit 1:  Circuit: 'sky130_fd_sc_hd__decap_4'
Circuit sky130_fd_sc_hd__decap_4 contains 0 device instances.
Circuit contains 0 nets, and 4 disconnected pins.
Contents of circuit 2:  Circuit: 'sky130_fd_sc_hd__decap_4'
Circuit sky130_fd_sc_hd__decap_4 contains 0 device instances.
Circuit contains 0 nets.

Circuit sky130_fd_sc_hd__decap_4 contains no devices.

Contents of circuit 1:  Circuit: 'sky130_fd_sc_hd__fill_2'
Circuit sky130_fd_sc_hd__fill_2 contains 0 device instances.
Circuit contains 0 nets, and 4 disconnected pins.
Contents of circuit 2:  Circuit: 'sky130_fd_sc_hd__fill_2'
Circuit sky130_fd_sc_hd__fill_2 contains 0 device instances.
Circuit contains 0 nets.

Circuit sky130_fd_sc_hd__fill_2 contains no devices.

Contents of circuit 1:  Circuit: 'sky130_fd_sc_hd__clkbuf_2'
Circuit sky130_fd_sc_hd__clkbuf_2 contains 0 device instances.
Circuit contains 0 nets, and 6 disconnected pins.
Contents of circuit 2:  Circuit: 'sky130_fd_sc_hd__clkbuf_2'
Circuit sky130_fd_sc_hd__clkbuf_2 contains 0 device instances.
Circuit contains 0 nets.

Circuit sky130_fd_sc_hd__clkbuf_2 contains no devices.

Contents of circuit 1:  Circuit: 'sky130_fd_sc_hd__clkbuf_8'
Circuit sky130_fd_sc_hd__clkbuf_8 contains 0 device instances.
Circuit contains 0 nets, and 6 disconnected pins.
Contents of circuit 2:  Circuit: 'sky130_fd_sc_hd__clkbuf_8'
Circuit sky130_fd_sc_hd__clkbuf_8 contains 0 device instances.
Circuit contains 0 nets.

Circuit sky130_fd_sc_hd__clkbuf_8 contains no devices.

Contents of circuit 1:  Circuit: 'sky130_fd_sc_hd__buf_1'
Circuit sky130_fd_sc_hd__buf_1 contains 0 device instances.
Circuit contains 0 nets, and 6 disconnected pins.
Contents of circuit 2:  Circuit: 'sky130_fd_sc_hd__buf_1'
Circuit sky130_fd_sc_hd__buf_1 contains 0 device instances.
Circuit contains 0 nets.

Circuit sky130_fd_sc_hd__buf_1 contains no devices.

Contents of circuit 1:  Circuit: 'sky130_fd_sc_hd__buf_6'
Circuit sky130_fd_sc_hd__buf_6 contains 0 device instances.
Circuit contains 0 nets, and 6 disconnected pins.
Contents of circuit 2:  Circuit: 'sky130_fd_sc_hd__buf_6'
Circuit sky130_fd_sc_hd__buf_6 contains 0 device instances.
Circuit contains 0 nets.

Circuit sky130_fd_sc_hd__buf_6 contains no devices.

Contents of circuit 1:  Circuit: 'sky130_fd_sc_hd__dfxtp_1'
Circuit sky130_fd_sc_hd__dfxtp_1 contains 0 device instances.
Circuit contains 0 nets, and 7 disconnected pins.
Contents of circuit 2:  Circuit: 'sky130_fd_sc_hd__dfxtp_1'
Circuit sky130_fd_sc_hd__dfxtp_1 contains 0 device instances.
Circuit contains 0 nets.

Circuit sky130_fd_sc_hd__dfxtp_1 contains no devices.

Contents of circuit 1:  Circuit: 'sky130_fd_sc_hd__diode_2'
Circuit sky130_fd_sc_hd__diode_2 contains 0 device instances.
Circuit contains 0 nets, and 5 disconnected pins.
Contents of circuit 2:  Circuit: 'sky130_fd_sc_hd__diode_2'
Circuit sky130_fd_sc_hd__diode_2 contains 0 device instances.
Circuit contains 0 nets.

Circuit sky130_fd_sc_hd__diode_2 contains no devices.

Contents of circuit 1:  Circuit: 'sky130_fd_sc_hd__clkbuf_4'
Circuit sky130_fd_sc_hd__clkbuf_4 contains 0 device instances.
Circuit contains 0 nets, and 6 disconnected pins.
Contents of circuit 2:  Circuit: 'sky130_fd_sc_hd__clkbuf_4'
Circuit sky130_fd_sc_hd__clkbuf_4 contains 0 device instances.
Circuit contains 0 nets.

Circuit sky130_fd_sc_hd__clkbuf_4 contains no devices.

Contents of circuit 1:  Circuit: 'sky130_fd_sc_hd__buf_2'
Circuit sky130_fd_sc_hd__buf_2 contains 0 device instances.
Circuit contains 0 nets, and 6 disconnected pins.
Contents of circuit 2:  Circuit: 'sky130_fd_sc_hd__buf_2'
Circuit sky130_fd_sc_hd__buf_2 contains 0 device instances.
Circuit contains 0 nets.

Circuit sky130_fd_sc_hd__buf_2 contains no devices.

Contents of circuit 1:  Circuit: 'sky130_fd_sc_hd__clkbuf_16'
Circuit sky130_fd_sc_hd__clkbuf_16 contains 0 device instances.
Circuit contains 0 nets, and 6 disconnected pins.
Contents of circuit 2:  Circuit: 'sky130_fd_sc_hd__clkbuf_16'
Circuit sky130_fd_sc_hd__clkbuf_16 contains 0 device instances.
Circuit contains 0 nets.

Circuit sky130_fd_sc_hd__clkbuf_16 contains no devices.

Contents of circuit 1:  Circuit: 'sky130_fd_sc_hd__o211a_1'
Circuit sky130_fd_sc_hd__o211a_1 contains 0 device instances.
Circuit contains 0 nets, and 9 disconnected pins.
Contents of circuit 2:  Circuit: 'sky130_fd_sc_hd__o211a_1'
Circuit sky130_fd_sc_hd__o211a_1 contains 0 device instances.
Circuit contains 0 nets.

Circuit sky130_fd_sc_hd__o211a_1 contains no devices.

Contents of circuit 1:  Circuit: 'sky130_fd_sc_hd__conb_1'
Circuit sky130_fd_sc_hd__conb_1 contains 0 device instances.
Circuit contains 0 nets, and 6 disconnected pins.
Contents of circuit 2:  Circuit: 'sky130_fd_sc_hd__conb_1'
Circuit sky130_fd_sc_hd__conb_1 contains 0 device instances.
Circuit contains 0 nets.

Circuit sky130_fd_sc_hd__conb_1 contains no devices.

Contents of circuit 1:  Circuit: 'sky130_fd_sc_hd__buf_12'
Circuit sky130_fd_sc_hd__buf_12 contains 0 device instances.
Circuit contains 0 nets, and 6 disconnected pins.
Contents of circuit 2:  Circuit: 'sky130_fd_sc_hd__buf_12'
Circuit sky130_fd_sc_hd__buf_12 contains 0 device instances.
Circuit contains 0 nets.

Circuit sky130_fd_sc_hd__buf_12 contains no devices.

Contents of circuit 1:  Circuit: 'sky130_fd_sc_hd__buf_8'
Circuit sky130_fd_sc_hd__buf_8 contains 0 device instances.
Circuit contains 0 nets, and 6 disconnected pins.
Contents of circuit 2:  Circuit: 'sky130_fd_sc_hd__buf_8'
Circuit sky130_fd_sc_hd__buf_8 contains 0 device instances.
Circuit contains 0 nets.

Circuit sky130_fd_sc_hd__buf_8 contains no devices.

Contents of circuit 1:  Circuit: 'sky130_fd_sc_hd__dlymetal6s2s_1'
Circuit sky130_fd_sc_hd__dlymetal6s2s_1 contains 0 device instances.
Circuit contains 0 nets, and 6 disconnected pins.
Contents of circuit 2:  Circuit: 'sky130_fd_sc_hd__dlymetal6s2s_1'
Circuit sky130_fd_sc_hd__dlymetal6s2s_1 contains 0 device instances.
Circuit contains 0 nets.

Circuit sky130_fd_sc_hd__dlymetal6s2s_1 contains no devices.

Contents of circuit 1:  Circuit: 'sky130_fd_sc_hd__buf_4'
Circuit sky130_fd_sc_hd__buf_4 contains 0 device instances.
Circuit contains 0 nets, and 6 disconnected pins.
Contents of circuit 2:  Circuit: 'sky130_fd_sc_hd__buf_4'
Circuit sky130_fd_sc_hd__buf_4 contains 0 device instances.
Circuit contains 0 nets.

Circuit sky130_fd_sc_hd__buf_4 contains no devices.

Contents of circuit 1:  Circuit: 'sky130_fd_sc_hd__inv_2'
Circuit sky130_fd_sc_hd__inv_2 contains 0 device instances.
Circuit contains 0 nets, and 6 disconnected pins.
Contents of circuit 2:  Circuit: 'sky130_fd_sc_hd__inv_2'
Circuit sky130_fd_sc_hd__inv_2 contains 0 device instances.
Circuit contains 0 nets.

Circuit sky130_fd_sc_hd__inv_2 contains no devices.

Contents of circuit 1:  Circuit: 'sky130_fd_sc_hd__nand2_1'
Circuit sky130_fd_sc_hd__nand2_1 contains 0 device instances.
Circuit contains 0 nets, and 7 disconnected pins.
Contents of circuit 2:  Circuit: 'sky130_fd_sc_hd__nand2_1'
Circuit sky130_fd_sc_hd__nand2_1 contains 0 device instances.
Circuit contains 0 nets.

Circuit sky130_fd_sc_hd__nand2_1 contains no devices.

Contents of circuit 1:  Circuit: 'sky130_fd_sc_hd__inv_8'
Circuit sky130_fd_sc_hd__inv_8 contains 0 device instances.
Circuit contains 0 nets, and 6 disconnected pins.
Contents of circuit 2:  Circuit: 'sky130_fd_sc_hd__inv_8'
Circuit sky130_fd_sc_hd__inv_8 contains 0 device instances.
Circuit contains 0 nets.

Circuit sky130_fd_sc_hd__inv_8 contains no devices.

Contents of circuit 1:  Circuit: 'sky130_sram_1kbyte_1rw1r_32x256_8'
Circuit sky130_sram_1kbyte_1rw1r_32x256_8 contains 0 device instances.
Circuit contains 0 nets, and 123 disconnected pins.
Contents of circuit 2:  Circuit: 'sky130_sram_1kbyte_1rw1r_32x256_8'
Circuit sky130_sram_1kbyte_1rw1r_32x256_8 contains 0 device instances.
Circuit contains 0 nets.

Circuit sky130_sram_1kbyte_1rw1r_32x256_8 contains no devices.

Contents of circuit 1:  Circuit: 'sky130_fd_sc_hd__clkbuf_1'
Circuit sky130_fd_sc_hd__clkbuf_1 contains 0 device instances.
Circuit contains 0 nets, and 6 disconnected pins.
Contents of circuit 2:  Circuit: 'sky130_fd_sc_hd__clkbuf_1'
Circuit sky130_fd_sc_hd__clkbuf_1 contains 0 device instances.
Circuit contains 0 nets.

Circuit sky130_fd_sc_hd__clkbuf_1 contains no devices.

Contents of circuit 1:  Circuit: 'test_sram_macro'
Circuit test_sram_macro contains 50426 device instances.
  Class: sky130_fd_sc_hd__clkbuf_16 instances:  12
  Class: sky130_fd_sc_hd__dfxtp_1 instances:  65
  Class: sky130_fd_sc_hd__buf_1 instances:  46
  Class: sky130_fd_sc_hd__buf_2 instances:  32
  Class: sky130_fd_sc_hd__buf_4 instances:   3
  Class: sky130_fd_sc_hd__buf_6 instances:  43
  Class: sky130_fd_sc_hd__buf_8 instances:   4
  Class: sky130_sram_1kbyte_1rw1r_32x256_8 instances:   2
  Class: sky130_ef_sc_hd__decap_12 instances: 26938
  Class: sky130_fd_sc_hd__inv_2 instances:   1
  Class: sky130_fd_sc_hd__inv_8 instances:   1
  Class: sky130_fd_sc_hd__clkbuf_1 instances:   2
  Class: sky130_fd_sc_hd__clkbuf_2 instances:  57
  Class: sky130_fd_sc_hd__clkbuf_4 instances:  70
  Class: sky130_fd_sc_hd__clkbuf_8 instances:  30
  Class: sky130_fd_sc_hd__conb_1 instances:  20
  Class: sky130_fd_sc_hd__buf_12 instances:   3
  Class: sky130_fd_sc_hd__decap_3 instances: 1891
  Class: sky130_fd_sc_hd__decap_4 instances: 615
  Class: sky130_fd_sc_hd__decap_6 instances: 5746
  Class: sky130_fd_sc_hd__decap_8 instances: 355
  Class: sky130_fd_sc_hd__or2_1 instances:  64
  Class: sky130_fd_sc_hd__nand2_1 instances:   1
  Class: sky130_fd_sc_hd__mux2_1 instances:  64
  Class: sky130_fd_sc_hd__o211a_1 instances:  64
  Class: sky130_fd_sc_hd__diode_2 instances:  60
  Class: sky130_fd_sc_hd__dlymetal6s2s_1 instances:  33
  Class: sky130_fd_sc_hd__tapvpwrvgnd_1 instances: 6843
  Class: sky130_fd_sc_hd__fill_1 instances: 6811
  Class: sky130_fd_sc_hd__fill_2 instances: 550
Circuit contains 849 nets.
Contents of circuit 2:  Circuit: 'test_sram_macro'
Circuit test_sram_macro contains 50426 device instances.
  Class: sky130_fd_sc_hd__clkbuf_16 instances:  12
  Class: sky130_fd_sc_hd__dfxtp_1 instances:  65
  Class: sky130_fd_sc_hd__buf_1 instances:  46
  Class: sky130_fd_sc_hd__buf_2 instances:  32
  Class: sky130_fd_sc_hd__buf_4 instances:   3
  Class: sky130_fd_sc_hd__buf_6 instances:  43
  Class: sky130_fd_sc_hd__buf_8 instances:   4
  Class: sky130_sram_1kbyte_1rw1r_32x256_8 instances:   2
  Class: sky130_ef_sc_hd__decap_12 instances: 26938
  Class: sky130_fd_sc_hd__inv_2 instances:   1
  Class: sky130_fd_sc_hd__inv_8 instances:   1
  Class: sky130_fd_sc_hd__clkbuf_1 instances:   2
  Class: sky130_fd_sc_hd__clkbuf_2 instances:  57
  Class: sky130_fd_sc_hd__clkbuf_4 instances:  70
  Class: sky130_fd_sc_hd__clkbuf_8 instances:  30
  Class: sky130_fd_sc_hd__conb_1 instances:  20
  Class: sky130_fd_sc_hd__buf_12 instances:   3
  Class: sky130_fd_sc_hd__decap_3 instances: 1891
  Class: sky130_fd_sc_hd__decap_4 instances: 615
  Class: sky130_fd_sc_hd__decap_6 instances: 5746
  Class: sky130_fd_sc_hd__decap_8 instances: 355
  Class: sky130_fd_sc_hd__or2_1 instances:  64
  Class: sky130_fd_sc_hd__nand2_1 instances:   1
  Class: sky130_fd_sc_hd__mux2_1 instances:  64
  Class: sky130_fd_sc_hd__o211a_1 instances:  64
  Class: sky130_fd_sc_hd__diode_2 instances:  60
  Class: sky130_fd_sc_hd__dlymetal6s2s_1 instances:  33
  Class: sky130_fd_sc_hd__tapvpwrvgnd_1 instances: 6843
  Class: sky130_fd_sc_hd__fill_1 instances: 6811
  Class: sky130_fd_sc_hd__fill_2 instances: 550
Circuit contains 849 nets.

Circuit was modified by parallel/series device merging.
New circuit summary:

Contents of circuit 1:  Circuit: 'test_sram_macro'
Circuit test_sram_macro contains 645 device instances.
  Class: sky130_fd_sc_hd__clkbuf_16 instances:  12
  Class: sky130_fd_sc_hd__dfxtp_1 instances:  65
  Class: sky130_fd_sc_hd__buf_1 instances:  46
  Class: sky130_fd_sc_hd__buf_2 instances:  32
  Class: sky130_fd_sc_hd__buf_4 instances:   3
  Class: sky130_fd_sc_hd__buf_6 instances:  43
  Class: sky130_fd_sc_hd__buf_8 instances:   4
  Class: sky130_sram_1kbyte_1rw1r_32x256_8 instances:   2
  Class: sky130_ef_sc_hd__decap_12 instances:   1
  Class: sky130_fd_sc_hd__inv_2 instances:   1
  Class: sky130_fd_sc_hd__inv_8 instances:   1
  Class: sky130_fd_sc_hd__clkbuf_1 instances:   2
  Class: sky130_fd_sc_hd__clkbuf_2 instances:  57
  Class: sky130_fd_sc_hd__clkbuf_4 instances:  70
  Class: sky130_fd_sc_hd__clkbuf_8 instances:  30
  Class: sky130_fd_sc_hd__conb_1 instances:  20
  Class: sky130_fd_sc_hd__buf_12 instances:   3
  Class: sky130_fd_sc_hd__decap_3 instances:   1
  Class: sky130_fd_sc_hd__decap_4 instances:   1
  Class: sky130_fd_sc_hd__decap_6 instances:   1
  Class: sky130_fd_sc_hd__decap_8 instances:   1
  Class: sky130_fd_sc_hd__or2_1 instances:  64
  Class: sky130_fd_sc_hd__nand2_1 instances:   1
  Class: sky130_fd_sc_hd__mux2_1 instances:  64
  Class: sky130_fd_sc_hd__o211a_1 instances:  64
  Class: sky130_fd_sc_hd__diode_2 instances:  20
  Class: sky130_fd_sc_hd__dlymetal6s2s_1 instances:  33
  Class: sky130_fd_sc_hd__tapvpwrvgnd_1 instances:   1
  Class: sky130_fd_sc_hd__fill_1 instances:   1
  Class: sky130_fd_sc_hd__fill_2 instances:   1
Circuit contains 849 nets.
Contents of circuit 2:  Circuit: 'test_sram_macro'
Circuit test_sram_macro contains 645 device instances.
  Class: sky130_fd_sc_hd__clkbuf_16 instances:  12
  Class: sky130_fd_sc_hd__dfxtp_1 instances:  65
  Class: sky130_fd_sc_hd__buf_1 instances:  46
  Class: sky130_fd_sc_hd__buf_2 instances:  32
  Class: sky130_fd_sc_hd__buf_4 instances:   3
  Class: sky130_fd_sc_hd__buf_6 instances:  43
  Class: sky130_fd_sc_hd__buf_8 instances:   4
  Class: sky130_sram_1kbyte_1rw1r_32x256_8 instances:   2
  Class: sky130_ef_sc_hd__decap_12 instances:   1
  Class: sky130_fd_sc_hd__inv_2 instances:   1
  Class: sky130_fd_sc_hd__inv_8 instances:   1
  Class: sky130_fd_sc_hd__clkbuf_1 instances:   2
  Class: sky130_fd_sc_hd__clkbuf_2 instances:  57
  Class: sky130_fd_sc_hd__clkbuf_4 instances:  70
  Class: sky130_fd_sc_hd__clkbuf_8 instances:  30
  Class: sky130_fd_sc_hd__conb_1 instances:  20
  Class: sky130_fd_sc_hd__buf_12 instances:   3
  Class: sky130_fd_sc_hd__decap_3 instances:   1
  Class: sky130_fd_sc_hd__decap_4 instances:   1
  Class: sky130_fd_sc_hd__decap_6 instances:   1
  Class: sky130_fd_sc_hd__decap_8 instances:   1
  Class: sky130_fd_sc_hd__or2_1 instances:  64
  Class: sky130_fd_sc_hd__nand2_1 instances:   1
  Class: sky130_fd_sc_hd__mux2_1 instances:  64
  Class: sky130_fd_sc_hd__o211a_1 instances:  64
  Class: sky130_fd_sc_hd__diode_2 instances:  20
  Class: sky130_fd_sc_hd__dlymetal6s2s_1 instances:  33
  Class: sky130_fd_sc_hd__tapvpwrvgnd_1 instances:   1
  Class: sky130_fd_sc_hd__fill_1 instances:   1
  Class: sky130_fd_sc_hd__fill_2 instances:   1
Circuit contains 849 nets.

Circuit 1 contains 645 devices, Circuit 2 contains 645 devices.
Circuit 1 contains 849 nets,    Circuit 2 contains 849 nets.


Final result: 
Circuits match uniquely.
.
Logging to file "/openlane/designs/designs/ci/test_sram_macro/runs/RUN_2024.02.03_10.58.21/logs/signoff/41-test_sram_macro.lef.lvs.log" disabled
LVS Done.
