
Magic 8.3 revision 416 - Compiled on Tue Jul 25 11:03:51 UTC 2023.
Starting magic under Tcl interpreter
Using the terminal as the console.
Using NULL graphics device.
Processing system .magicrc file
Sourcing design .magicrc for technology sky130A ...
2 Magic internal units = 1 Lambda
Input style sky130(): scaleFactor=2, multiplier=2
The following types are not handled by extraction and will be treated as non-electrical types:
    ubm 
Scaled tech values by 2 / 1 to match internal grid scaling
Loading sky130A Device Generator Menu ...
Using technology "sky130A", version 1.0.461-0-gcd1748b
Reading LEF data from file /home/vignesh/.volare/sky130A/libs.ref/sky130_fd_sc_hd/techlef/sky130_fd_sc_hd__nom.tlef.
This action cannot be undone.
LEF read, Line 78 (Message): Unknown keyword "ANTENNAMODEL" in LEF file; ignoring.
LEF read, Line 79 (Message): Unknown keyword "ANTENNADIFFSIDEAREARATIO" in LEF file; ignoring.
LEF read, Line 112 (Message): Unknown keyword "MINENCLOSEDAREA" in LEF file; ignoring.
LEF read, Line 114 (Message): Unknown keyword "ANTENNAMODEL" in LEF file; ignoring.
LEF read, Line 115 (Message): Unknown keyword "ANTENNADIFFSIDEAREARATIO" in LEF file; ignoring.
LEF read, Line 121 (Message): Unknown keyword "MAXIMUMDENSITY" in LEF file; ignoring.
LEF read, Line 122 (Message): Unknown keyword "DENSITYCHECKWINDOW" in LEF file; ignoring.
LEF read, Line 123 (Message): Unknown keyword "DENSITYCHECKSTEP" in LEF file; ignoring.
LEF read, Line 156 (Message): Unknown keyword "MINENCLOSEDAREA" in LEF file; ignoring.
LEF read, Line 164 (Message): Unknown keyword "ANTENNAMODEL" in LEF file; ignoring.
LEF read, Line 165 (Message): Unknown keyword "ANTENNADIFFSIDEAREARATIO" in LEF file; ignoring.
LEF read, Line 167 (Message): Unknown keyword "MAXIMUMDENSITY" in LEF file; ignoring.
LEF read, Line 168 (Message): Unknown keyword "DENSITYCHECKWINDOW" in LEF file; ignoring.
LEF read, Line 169 (Message): Unknown keyword "DENSITYCHECKSTEP" in LEF file; ignoring.
LEF read, Line 206 (Message): Unknown keyword "ANTENNAMODEL" in LEF file; ignoring.
LEF read, Line 207 (Message): Unknown keyword "ANTENNADIFFSIDEAREARATIO" in LEF file; ignoring.
LEF read, Line 209 (Message): Unknown keyword "MAXIMUMDENSITY" in LEF file; ignoring.
LEF read, Line 210 (Message): Unknown keyword "DENSITYCHECKWINDOW" in LEF file; ignoring.
LEF read, Line 211 (Message): Unknown keyword "DENSITYCHECKSTEP" in LEF file; ignoring.
LEF read, Line 248 (Message): Unknown keyword "ANTENNAMODEL" in LEF file; ignoring.
LEF read, Line 249 (Message): Unknown keyword "ANTENNADIFFSIDEAREARATIO" in LEF file; ignoring.
LEF read, Line 251 (Message): Unknown keyword "MAXIMUMDENSITY" in LEF file; ignoring.
LEF read, Line 252 (Message): Unknown keyword "DENSITYCHECKWINDOW" in LEF file; ignoring.
LEF read, Line 253 (Message): Unknown keyword "DENSITYCHECKSTEP" in LEF file; ignoring.
LEF read, Line 290 (Message): Unknown keyword "ANTENNAMODEL" in LEF file; ignoring.
LEF read, Line 291 (Message): Unknown keyword "ANTENNADIFFSIDEAREARATIO" in LEF file; ignoring.
LEF read: Processed 797 lines.
Reading DEF data from file /openlane/designs/designs/ci/picorv32_base/runs/fullrun1/results/routing/picorv32_base.def.
This action cannot be undone.
  Processed 4 vias total.
Cell sky130_fd_sc_hd__diode_2 read from path /home/vignesh/.volare/sky130A/libs.ref/sky130_fd_sc_hd/mag
Cell sky130_fd_sc_hd__decap_3 read from path /home/vignesh/.volare/sky130A/libs.ref/sky130_fd_sc_hd/mag
Cell sky130_ef_sc_hd__decap_12 read from path /home/vignesh/.volare/sky130A/libs.ref/sky130_fd_sc_hd/mag
Cell sky130_fd_sc_hd__decap_4 read from path /home/vignesh/.volare/sky130A/libs.ref/sky130_fd_sc_hd/mag
Cell sky130_fd_sc_hd__decap_6 read from path /home/vignesh/.volare/sky130A/libs.ref/sky130_fd_sc_hd/mag
Cell sky130_fd_sc_hd__decap_8 read from path /home/vignesh/.volare/sky130A/libs.ref/sky130_fd_sc_hd/mag
Cell sky130_fd_sc_hd__fill_1 read from path /home/vignesh/.volare/sky130A/libs.ref/sky130_fd_sc_hd/mag
Cell sky130_fd_sc_hd__fill_2 read from path /home/vignesh/.volare/sky130A/libs.ref/sky130_fd_sc_hd/mag
Cell sky130_fd_sc_hd__tapvpwrvgnd_1 read from path /home/vignesh/.volare/sky130A/libs.ref/sky130_fd_sc_hd/mag
Cell sky130_fd_sc_hd__nand2_2 read from path /home/vignesh/.volare/sky130A/libs.ref/sky130_fd_sc_hd/mag
Cell sky130_fd_sc_hd__or2_1 read from path /home/vignesh/.volare/sky130A/libs.ref/sky130_fd_sc_hd/mag
Cell sky130_fd_sc_hd__buf_4 read from path /home/vignesh/.volare/sky130A/libs.ref/sky130_fd_sc_hd/mag
Cell sky130_fd_sc_hd__o21ai_2 read from path /home/vignesh/.volare/sky130A/libs.ref/sky130_fd_sc_hd/mag
Cell sky130_fd_sc_hd__and2_1 read from path /home/vignesh/.volare/sky130A/libs.ref/sky130_fd_sc_hd/mag
Cell sky130_fd_sc_hd__or2_2 read from path /home/vignesh/.volare/sky130A/libs.ref/sky130_fd_sc_hd/mag
Cell sky130_fd_sc_hd__inv_2 read from path /home/vignesh/.volare/sky130A/libs.ref/sky130_fd_sc_hd/mag
Cell sky130_fd_sc_hd__and3b_1 read from path /home/vignesh/.volare/sky130A/libs.ref/sky130_fd_sc_hd/mag
Cell sky130_fd_sc_hd__inv_6 read from path /home/vignesh/.volare/sky130A/libs.ref/sky130_fd_sc_hd/mag
Cell sky130_fd_sc_hd__clkbuf_4 read from path /home/vignesh/.volare/sky130A/libs.ref/sky130_fd_sc_hd/mag
Cell sky130_fd_sc_hd__or2_4 read from path /home/vignesh/.volare/sky130A/libs.ref/sky130_fd_sc_hd/mag
Cell sky130_fd_sc_hd__a2111oi_4 read from path /home/vignesh/.volare/sky130A/libs.ref/sky130_fd_sc_hd/mag
Cell sky130_fd_sc_hd__and2_4 read from path /home/vignesh/.volare/sky130A/libs.ref/sky130_fd_sc_hd/mag
Cell sky130_fd_sc_hd__nor2_1 read from path /home/vignesh/.volare/sky130A/libs.ref/sky130_fd_sc_hd/mag
Cell sky130_fd_sc_hd__o21a_1 read from path /home/vignesh/.volare/sky130A/libs.ref/sky130_fd_sc_hd/mag
Cell sky130_fd_sc_hd__nand2_1 read from path /home/vignesh/.volare/sky130A/libs.ref/sky130_fd_sc_hd/mag
Cell sky130_fd_sc_hd__a31o_2 read from path /home/vignesh/.volare/sky130A/libs.ref/sky130_fd_sc_hd/mag
Cell sky130_fd_sc_hd__mux2_1 read from path /home/vignesh/.volare/sky130A/libs.ref/sky130_fd_sc_hd/mag
Cell sky130_fd_sc_hd__or3b_1 read from path /home/vignesh/.volare/sky130A/libs.ref/sky130_fd_sc_hd/mag
Cell sky130_fd_sc_hd__mux2_4 read from path /home/vignesh/.volare/sky130A/libs.ref/sky130_fd_sc_hd/mag
Cell sky130_fd_sc_hd__nand2_4 read from path /home/vignesh/.volare/sky130A/libs.ref/sky130_fd_sc_hd/mag
Cell sky130_fd_sc_hd__or3b_2 read from path /home/vignesh/.volare/sky130A/libs.ref/sky130_fd_sc_hd/mag
Cell sky130_fd_sc_hd__a21oi_4 read from path /home/vignesh/.volare/sky130A/libs.ref/sky130_fd_sc_hd/mag
Cell sky130_fd_sc_hd__clkbuf_8 read from path /home/vignesh/.volare/sky130A/libs.ref/sky130_fd_sc_hd/mag
Cell sky130_fd_sc_hd__buf_6 read from path /home/vignesh/.volare/sky130A/libs.ref/sky130_fd_sc_hd/mag
Cell sky130_fd_sc_hd__xor2_1 read from path /home/vignesh/.volare/sky130A/libs.ref/sky130_fd_sc_hd/mag
Cell sky130_fd_sc_hd__and3_1 read from path /home/vignesh/.volare/sky130A/libs.ref/sky130_fd_sc_hd/mag
Cell sky130_fd_sc_hd__buf_2 read from path /home/vignesh/.volare/sky130A/libs.ref/sky130_fd_sc_hd/mag
Cell sky130_fd_sc_hd__a21boi_1 read from path /home/vignesh/.volare/sky130A/libs.ref/sky130_fd_sc_hd/mag
Cell sky130_fd_sc_hd__clkbuf_2 read from path /home/vignesh/.volare/sky130A/libs.ref/sky130_fd_sc_hd/mag
Cell sky130_fd_sc_hd__a31o_1 read from path /home/vignesh/.volare/sky130A/libs.ref/sky130_fd_sc_hd/mag
Cell sky130_fd_sc_hd__and2_2 read from path /home/vignesh/.volare/sky130A/libs.ref/sky130_fd_sc_hd/mag
Cell sky130_fd_sc_hd__a21o_1 read from path /home/vignesh/.volare/sky130A/libs.ref/sky130_fd_sc_hd/mag
Cell sky130_fd_sc_hd__o21ba_1 read from path /home/vignesh/.volare/sky130A/libs.ref/sky130_fd_sc_hd/mag
Cell sky130_fd_sc_hd__a22o_1 read from path /home/vignesh/.volare/sky130A/libs.ref/sky130_fd_sc_hd/mag
Cell sky130_fd_sc_hd__nand3_2 read from path /home/vignesh/.volare/sky130A/libs.ref/sky130_fd_sc_hd/mag
Cell sky130_fd_sc_hd__or3_2 read from path /home/vignesh/.volare/sky130A/libs.ref/sky130_fd_sc_hd/mag
Cell sky130_fd_sc_hd__or3_1 read from path /home/vignesh/.volare/sky130A/libs.ref/sky130_fd_sc_hd/mag
Cell sky130_fd_sc_hd__or4_2 read from path /home/vignesh/.volare/sky130A/libs.ref/sky130_fd_sc_hd/mag
Cell sky130_fd_sc_hd__or3_4 read from path /home/vignesh/.volare/sky130A/libs.ref/sky130_fd_sc_hd/mag
Cell sky130_fd_sc_hd__or4_1 read from path /home/vignesh/.volare/sky130A/libs.ref/sky130_fd_sc_hd/mag
Cell sky130_fd_sc_hd__nor2_2 read from path /home/vignesh/.volare/sky130A/libs.ref/sky130_fd_sc_hd/mag
Cell sky130_fd_sc_hd__nor3_1 read from path /home/vignesh/.volare/sky130A/libs.ref/sky130_fd_sc_hd/mag
Cell sky130_fd_sc_hd__buf_8 read from path /home/vignesh/.volare/sky130A/libs.ref/sky130_fd_sc_hd/mag
Cell sky130_fd_sc_hd__inv_4 read from path /home/vignesh/.volare/sky130A/libs.ref/sky130_fd_sc_hd/mag
Cell sky130_fd_sc_hd__nor2_8 read from path /home/vignesh/.volare/sky130A/libs.ref/sky130_fd_sc_hd/mag
Cell sky130_fd_sc_hd__and4b_1 read from path /home/vignesh/.volare/sky130A/libs.ref/sky130_fd_sc_hd/mag
Cell sky130_fd_sc_hd__or4b_1 read from path /home/vignesh/.volare/sky130A/libs.ref/sky130_fd_sc_hd/mag
Cell sky130_fd_sc_hd__a22o_2 read from path /home/vignesh/.volare/sky130A/libs.ref/sky130_fd_sc_hd/mag
Cell sky130_fd_sc_hd__a2bb2o_1 read from path /home/vignesh/.volare/sky130A/libs.ref/sky130_fd_sc_hd/mag
Cell sky130_fd_sc_hd__nor3_2 read from path /home/vignesh/.volare/sky130A/libs.ref/sky130_fd_sc_hd/mag
Cell sky130_fd_sc_hd__o311a_1 read from path /home/vignesh/.volare/sky130A/libs.ref/sky130_fd_sc_hd/mag
Cell sky130_fd_sc_hd__a221o_1 read from path /home/vignesh/.volare/sky130A/libs.ref/sky130_fd_sc_hd/mag
Cell sky130_fd_sc_hd__o211ai_2 read from path /home/vignesh/.volare/sky130A/libs.ref/sky130_fd_sc_hd/mag
Cell sky130_fd_sc_hd__a41o_1 read from path /home/vignesh/.volare/sky130A/libs.ref/sky130_fd_sc_hd/mag
Cell sky130_fd_sc_hd__a211o_1 read from path /home/vignesh/.volare/sky130A/libs.ref/sky130_fd_sc_hd/mag
Cell sky130_fd_sc_hd__a21oi_1 read from path /home/vignesh/.volare/sky130A/libs.ref/sky130_fd_sc_hd/mag
Cell sky130_fd_sc_hd__and2b_4 read from path /home/vignesh/.volare/sky130A/libs.ref/sky130_fd_sc_hd/mag
Cell sky130_fd_sc_hd__and2b_1 read from path /home/vignesh/.volare/sky130A/libs.ref/sky130_fd_sc_hd/mag
Cell sky130_fd_sc_hd__and2b_2 read from path /home/vignesh/.volare/sky130A/libs.ref/sky130_fd_sc_hd/mag
Cell sky130_fd_sc_hd__or4_4 read from path /home/vignesh/.volare/sky130A/libs.ref/sky130_fd_sc_hd/mag
Cell sky130_fd_sc_hd__o211a_4 read from path /home/vignesh/.volare/sky130A/libs.ref/sky130_fd_sc_hd/mag
Cell sky130_fd_sc_hd__nor2_4 read from path /home/vignesh/.volare/sky130A/libs.ref/sky130_fd_sc_hd/mag
Cell sky130_fd_sc_hd__o21ai_4 read from path /home/vignesh/.volare/sky130A/libs.ref/sky130_fd_sc_hd/mag
Cell sky130_fd_sc_hd__o31a_1 read from path /home/vignesh/.volare/sky130A/libs.ref/sky130_fd_sc_hd/mag
Cell sky130_fd_sc_hd__clkbuf_1 read from path /home/vignesh/.volare/sky130A/libs.ref/sky130_fd_sc_hd/mag
Cell sky130_fd_sc_hd__or4b_4 read from path /home/vignesh/.volare/sky130A/libs.ref/sky130_fd_sc_hd/mag
Cell sky130_fd_sc_hd__or4bb_1 read from path /home/vignesh/.volare/sky130A/libs.ref/sky130_fd_sc_hd/mag
Cell sky130_fd_sc_hd__or4bb_4 read from path /home/vignesh/.volare/sky130A/libs.ref/sky130_fd_sc_hd/mag
Cell sky130_fd_sc_hd__o2111a_1 read from path /home/vignesh/.volare/sky130A/libs.ref/sky130_fd_sc_hd/mag
Cell sky130_fd_sc_hd__and3_2 read from path /home/vignesh/.volare/sky130A/libs.ref/sky130_fd_sc_hd/mag
Cell sky130_fd_sc_hd__o221ai_1 read from path /home/vignesh/.volare/sky130A/libs.ref/sky130_fd_sc_hd/mag
Cell sky130_fd_sc_hd__o211a_1 read from path /home/vignesh/.volare/sky130A/libs.ref/sky130_fd_sc_hd/mag
Cell sky130_fd_sc_hd__a32o_1 read from path /home/vignesh/.volare/sky130A/libs.ref/sky130_fd_sc_hd/mag
Cell sky130_fd_sc_hd__xor2_2 read from path /home/vignesh/.volare/sky130A/libs.ref/sky130_fd_sc_hd/mag
Cell sky130_fd_sc_hd__a2111o_1 read from path /home/vignesh/.volare/sky130A/libs.ref/sky130_fd_sc_hd/mag
Cell sky130_fd_sc_hd__nor4_1 read from path /home/vignesh/.volare/sky130A/libs.ref/sky130_fd_sc_hd/mag
Cell sky130_fd_sc_hd__o32a_1 read from path /home/vignesh/.volare/sky130A/libs.ref/sky130_fd_sc_hd/mag
Cell sky130_fd_sc_hd__a21bo_1 read from path /home/vignesh/.volare/sky130A/libs.ref/sky130_fd_sc_hd/mag
Cell sky130_fd_sc_hd__clkbuf_16 read from path /home/vignesh/.volare/sky130A/libs.ref/sky130_fd_sc_hd/mag
Cell sky130_fd_sc_hd__and4bb_4 read from path /home/vignesh/.volare/sky130A/libs.ref/sky130_fd_sc_hd/mag
Cell sky130_fd_sc_hd__mux4_1 read from path /home/vignesh/.volare/sky130A/libs.ref/sky130_fd_sc_hd/mag
Cell sky130_fd_sc_hd__o21ai_1 read from path /home/vignesh/.volare/sky130A/libs.ref/sky130_fd_sc_hd/mag
Cell sky130_fd_sc_hd__nand2_8 read from path /home/vignesh/.volare/sky130A/libs.ref/sky130_fd_sc_hd/mag
Cell sky130_fd_sc_hd__o22a_1 read from path /home/vignesh/.volare/sky130A/libs.ref/sky130_fd_sc_hd/mag
Cell sky130_fd_sc_hd__o221a_1 read from path /home/vignesh/.volare/sky130A/libs.ref/sky130_fd_sc_hd/mag
Cell sky130_fd_sc_hd__clkinv_8 read from path /home/vignesh/.volare/sky130A/libs.ref/sky130_fd_sc_hd/mag
Cell sky130_fd_sc_hd__o22ai_1 read from path /home/vignesh/.volare/sky130A/libs.ref/sky130_fd_sc_hd/mag
Cell sky130_fd_sc_hd__a31o_4 read from path /home/vignesh/.volare/sky130A/libs.ref/sky130_fd_sc_hd/mag
Cell sky130_fd_sc_hd__a311o_1 read from path /home/vignesh/.volare/sky130A/libs.ref/sky130_fd_sc_hd/mag
Cell sky130_fd_sc_hd__nor2b_2 read from path /home/vignesh/.volare/sky130A/libs.ref/sky130_fd_sc_hd/mag
Cell sky130_fd_sc_hd__or2b_1 read from path /home/vignesh/.volare/sky130A/libs.ref/sky130_fd_sc_hd/mag
Cell sky130_fd_sc_hd__o31ai_4 read from path /home/vignesh/.volare/sky130A/libs.ref/sky130_fd_sc_hd/mag
Cell sky130_fd_sc_hd__mux2_2 read from path /home/vignesh/.volare/sky130A/libs.ref/sky130_fd_sc_hd/mag
Cell sky130_fd_sc_hd__a31oi_4 read from path /home/vignesh/.volare/sky130A/libs.ref/sky130_fd_sc_hd/mag
Cell sky130_fd_sc_hd__nand2b_2 read from path /home/vignesh/.volare/sky130A/libs.ref/sky130_fd_sc_hd/mag
Cell sky130_fd_sc_hd__nor2b_4 read from path /home/vignesh/.volare/sky130A/libs.ref/sky130_fd_sc_hd/mag
Cell sky130_fd_sc_hd__a211o_2 read from path /home/vignesh/.volare/sky130A/libs.ref/sky130_fd_sc_hd/mag
Cell sky130_fd_sc_hd__or3b_4 read from path /home/vignesh/.volare/sky130A/libs.ref/sky130_fd_sc_hd/mag
Cell sky130_fd_sc_hd__o2bb2a_1 read from path /home/vignesh/.volare/sky130A/libs.ref/sky130_fd_sc_hd/mag
Cell sky130_fd_sc_hd__buf_1 read from path /home/vignesh/.volare/sky130A/libs.ref/sky130_fd_sc_hd/mag
Cell sky130_fd_sc_hd__o31ai_1 read from path /home/vignesh/.volare/sky130A/libs.ref/sky130_fd_sc_hd/mag
Cell sky130_fd_sc_hd__xnor2_1 read from path /home/vignesh/.volare/sky130A/libs.ref/sky130_fd_sc_hd/mag
Cell sky130_fd_sc_hd__a31oi_1 read from path /home/vignesh/.volare/sky130A/libs.ref/sky130_fd_sc_hd/mag
Cell sky130_fd_sc_hd__o211ai_1 read from path /home/vignesh/.volare/sky130A/libs.ref/sky130_fd_sc_hd/mag
Cell sky130_fd_sc_hd__buf_12 read from path /home/vignesh/.volare/sky130A/libs.ref/sky130_fd_sc_hd/mag
Cell sky130_fd_sc_hd__o21a_2 read from path /home/vignesh/.volare/sky130A/libs.ref/sky130_fd_sc_hd/mag
Cell sky130_fd_sc_hd__nor3_4 read from path /home/vignesh/.volare/sky130A/libs.ref/sky130_fd_sc_hd/mag
Cell sky130_fd_sc_hd__o22a_2 read from path /home/vignesh/.volare/sky130A/libs.ref/sky130_fd_sc_hd/mag
Cell sky130_fd_sc_hd__o22a_4 read from path /home/vignesh/.volare/sky130A/libs.ref/sky130_fd_sc_hd/mag
Cell sky130_fd_sc_hd__o21bai_2 read from path /home/vignesh/.volare/sky130A/libs.ref/sky130_fd_sc_hd/mag
Cell sky130_fd_sc_hd__a21oi_2 read from path /home/vignesh/.volare/sky130A/libs.ref/sky130_fd_sc_hd/mag
Cell sky130_fd_sc_hd__a221oi_1 read from path /home/vignesh/.volare/sky130A/libs.ref/sky130_fd_sc_hd/mag
Cell sky130_fd_sc_hd__mux4_2 read from path /home/vignesh/.volare/sky130A/libs.ref/sky130_fd_sc_hd/mag
Cell sky130_fd_sc_hd__nand3_1 read from path /home/vignesh/.volare/sky130A/libs.ref/sky130_fd_sc_hd/mag
Cell sky130_fd_sc_hd__nand4_1 read from path /home/vignesh/.volare/sky130A/libs.ref/sky130_fd_sc_hd/mag
Cell sky130_fd_sc_hd__nand4_2 read from path /home/vignesh/.volare/sky130A/libs.ref/sky130_fd_sc_hd/mag
Cell sky130_fd_sc_hd__a311oi_4 read from path /home/vignesh/.volare/sky130A/libs.ref/sky130_fd_sc_hd/mag
Cell sky130_fd_sc_hd__xnor2_2 read from path /home/vignesh/.volare/sky130A/libs.ref/sky130_fd_sc_hd/mag
Cell sky130_fd_sc_hd__a21boi_2 read from path /home/vignesh/.volare/sky130A/libs.ref/sky130_fd_sc_hd/mag
Cell sky130_fd_sc_hd__o21bai_1 read from path /home/vignesh/.volare/sky130A/libs.ref/sky130_fd_sc_hd/mag
Cell sky130_fd_sc_hd__a22oi_1 read from path /home/vignesh/.volare/sky130A/libs.ref/sky130_fd_sc_hd/mag
Cell sky130_fd_sc_hd__a2bb2o_2 read from path /home/vignesh/.volare/sky130A/libs.ref/sky130_fd_sc_hd/mag
Cell sky130_fd_sc_hd__a22o_4 read from path /home/vignesh/.volare/sky130A/libs.ref/sky130_fd_sc_hd/mag
Cell sky130_fd_sc_hd__a21o_2 read from path /home/vignesh/.volare/sky130A/libs.ref/sky130_fd_sc_hd/mag
Cell sky130_fd_sc_hd__a21o_4 read from path /home/vignesh/.volare/sky130A/libs.ref/sky130_fd_sc_hd/mag
Cell sky130_fd_sc_hd__and4_1 read from path /home/vignesh/.volare/sky130A/libs.ref/sky130_fd_sc_hd/mag
Cell sky130_fd_sc_hd__a211oi_2 read from path /home/vignesh/.volare/sky130A/libs.ref/sky130_fd_sc_hd/mag
Cell sky130_fd_sc_hd__a31oi_2 read from path /home/vignesh/.volare/sky130A/libs.ref/sky130_fd_sc_hd/mag
Cell sky130_fd_sc_hd__a22oi_2 read from path /home/vignesh/.volare/sky130A/libs.ref/sky130_fd_sc_hd/mag
Cell sky130_fd_sc_hd__nand3b_1 read from path /home/vignesh/.volare/sky130A/libs.ref/sky130_fd_sc_hd/mag
Cell sky130_fd_sc_hd__and4bb_1 read from path /home/vignesh/.volare/sky130A/libs.ref/sky130_fd_sc_hd/mag
Cell sky130_fd_sc_hd__and4_2 read from path /home/vignesh/.volare/sky130A/libs.ref/sky130_fd_sc_hd/mag
Cell sky130_fd_sc_hd__o31ai_2 read from path /home/vignesh/.volare/sky130A/libs.ref/sky130_fd_sc_hd/mag
Cell sky130_fd_sc_hd__o211ai_4 read from path /home/vignesh/.volare/sky130A/libs.ref/sky130_fd_sc_hd/mag
Cell sky130_fd_sc_hd__nand3b_2 read from path /home/vignesh/.volare/sky130A/libs.ref/sky130_fd_sc_hd/mag
Cell sky130_fd_sc_hd__nor3b_2 read from path /home/vignesh/.volare/sky130A/libs.ref/sky130_fd_sc_hd/mag
Cell sky130_fd_sc_hd__a211oi_1 read from path /home/vignesh/.volare/sky130A/libs.ref/sky130_fd_sc_hd/mag
Cell sky130_fd_sc_hd__o41a_1 read from path /home/vignesh/.volare/sky130A/libs.ref/sky130_fd_sc_hd/mag
Cell sky130_fd_sc_hd__nand3_4 read from path /home/vignesh/.volare/sky130A/libs.ref/sky130_fd_sc_hd/mag
Cell sky130_fd_sc_hd__a211oi_4 read from path /home/vignesh/.volare/sky130A/libs.ref/sky130_fd_sc_hd/mag
Cell sky130_fd_sc_hd__or4bb_2 read from path /home/vignesh/.volare/sky130A/libs.ref/sky130_fd_sc_hd/mag
Cell sky130_fd_sc_hd__o21ba_2 read from path /home/vignesh/.volare/sky130A/libs.ref/sky130_fd_sc_hd/mag
Cell sky130_fd_sc_hd__xnor2_4 read from path /home/vignesh/.volare/sky130A/libs.ref/sky130_fd_sc_hd/mag
Cell sky130_fd_sc_hd__a22oi_4 read from path /home/vignesh/.volare/sky130A/libs.ref/sky130_fd_sc_hd/mag
Cell sky130_fd_sc_hd__and4_4 read from path /home/vignesh/.volare/sky130A/libs.ref/sky130_fd_sc_hd/mag
Cell sky130_fd_sc_hd__nand4_4 read from path /home/vignesh/.volare/sky130A/libs.ref/sky130_fd_sc_hd/mag
Cell sky130_fd_sc_hd__or2b_2 read from path /home/vignesh/.volare/sky130A/libs.ref/sky130_fd_sc_hd/mag
Cell sky130_fd_sc_hd__nor4_2 read from path /home/vignesh/.volare/sky130A/libs.ref/sky130_fd_sc_hd/mag
Cell sky130_fd_sc_hd__o211a_2 read from path /home/vignesh/.volare/sky130A/libs.ref/sky130_fd_sc_hd/mag
Cell sky130_fd_sc_hd__xor2_4 read from path /home/vignesh/.volare/sky130A/libs.ref/sky130_fd_sc_hd/mag
Cell sky130_fd_sc_hd__o2111a_4 read from path /home/vignesh/.volare/sky130A/libs.ref/sky130_fd_sc_hd/mag
Cell sky130_fd_sc_hd__o311ai_4 read from path /home/vignesh/.volare/sky130A/libs.ref/sky130_fd_sc_hd/mag
Cell sky130_fd_sc_hd__a211o_4 read from path /home/vignesh/.volare/sky130A/libs.ref/sky130_fd_sc_hd/mag
Cell sky130_fd_sc_hd__o2111ai_1 read from path /home/vignesh/.volare/sky130A/libs.ref/sky130_fd_sc_hd/mag
Cell sky130_fd_sc_hd__and3b_2 read from path /home/vignesh/.volare/sky130A/libs.ref/sky130_fd_sc_hd/mag
Cell sky130_fd_sc_hd__o21bai_4 read from path /home/vignesh/.volare/sky130A/libs.ref/sky130_fd_sc_hd/mag
Cell sky130_fd_sc_hd__o31a_2 read from path /home/vignesh/.volare/sky130A/libs.ref/sky130_fd_sc_hd/mag
Cell sky130_fd_sc_hd__a21bo_2 read from path /home/vignesh/.volare/sky130A/libs.ref/sky130_fd_sc_hd/mag
Cell sky130_fd_sc_hd__nor3b_1 read from path /home/vignesh/.volare/sky130A/libs.ref/sky130_fd_sc_hd/mag
Cell sky130_fd_sc_hd__a21boi_4 read from path /home/vignesh/.volare/sky130A/libs.ref/sky130_fd_sc_hd/mag
Cell sky130_fd_sc_hd__and4bb_2 read from path /home/vignesh/.volare/sky130A/libs.ref/sky130_fd_sc_hd/mag
Cell sky130_fd_sc_hd__clkinv_4 read from path /home/vignesh/.volare/sky130A/libs.ref/sky130_fd_sc_hd/mag
Cell sky130_fd_sc_hd__a2111o_4 read from path /home/vignesh/.volare/sky130A/libs.ref/sky130_fd_sc_hd/mag
Cell sky130_fd_sc_hd__a221oi_4 read from path /home/vignesh/.volare/sky130A/libs.ref/sky130_fd_sc_hd/mag
Cell sky130_fd_sc_hd__o41a_2 read from path /home/vignesh/.volare/sky130A/libs.ref/sky130_fd_sc_hd/mag
Cell sky130_fd_sc_hd__a221o_2 read from path /home/vignesh/.volare/sky130A/libs.ref/sky130_fd_sc_hd/mag
Cell sky130_fd_sc_hd__nor2b_1 read from path /home/vignesh/.volare/sky130A/libs.ref/sky130_fd_sc_hd/mag
Cell sky130_fd_sc_hd__o2111ai_4 read from path /home/vignesh/.volare/sky130A/libs.ref/sky130_fd_sc_hd/mag
Cell sky130_fd_sc_hd__a2111o_2 read from path /home/vignesh/.volare/sky130A/libs.ref/sky130_fd_sc_hd/mag
Cell sky130_fd_sc_hd__nand3b_4 read from path /home/vignesh/.volare/sky130A/libs.ref/sky130_fd_sc_hd/mag
Cell sky130_fd_sc_hd__dlymetal6s2s_1 read from path /home/vignesh/.volare/sky130A/libs.ref/sky130_fd_sc_hd/mag
Cell sky130_fd_sc_hd__and4b_2 read from path /home/vignesh/.volare/sky130A/libs.ref/sky130_fd_sc_hd/mag
Cell sky130_fd_sc_hd__and4b_4 read from path /home/vignesh/.volare/sky130A/libs.ref/sky130_fd_sc_hd/mag
Cell sky130_fd_sc_hd__o311a_2 read from path /home/vignesh/.volare/sky130A/libs.ref/sky130_fd_sc_hd/mag
Cell sky130_fd_sc_hd__o31a_4 read from path /home/vignesh/.volare/sky130A/libs.ref/sky130_fd_sc_hd/mag
Cell sky130_fd_sc_hd__a311o_2 read from path /home/vignesh/.volare/sky130A/libs.ref/sky130_fd_sc_hd/mag
Cell sky130_fd_sc_hd__a32o_2 read from path /home/vignesh/.volare/sky130A/libs.ref/sky130_fd_sc_hd/mag
Cell sky130_fd_sc_hd__a2111oi_1 read from path /home/vignesh/.volare/sky130A/libs.ref/sky130_fd_sc_hd/mag
Cell sky130_fd_sc_hd__or4b_2 read from path /home/vignesh/.volare/sky130A/libs.ref/sky130_fd_sc_hd/mag
Cell sky130_fd_sc_hd__o22ai_2 read from path /home/vignesh/.volare/sky130A/libs.ref/sky130_fd_sc_hd/mag
Cell sky130_fd_sc_hd__nand2b_4 read from path /home/vignesh/.volare/sky130A/libs.ref/sky130_fd_sc_hd/mag
Cell sky130_fd_sc_hd__o32ai_2 read from path /home/vignesh/.volare/sky130A/libs.ref/sky130_fd_sc_hd/mag
Cell sky130_fd_sc_hd__dfxtp_1 read from path /home/vignesh/.volare/sky130A/libs.ref/sky130_fd_sc_hd/mag
Cell sky130_fd_sc_hd__dfxtp_2 read from path /home/vignesh/.volare/sky130A/libs.ref/sky130_fd_sc_hd/mag
Cell sky130_fd_sc_hd__dfxtp_4 read from path /home/vignesh/.volare/sky130A/libs.ref/sky130_fd_sc_hd/mag
Cell sky130_fd_sc_hd__dlygate4sd3_1 read from path /home/vignesh/.volare/sky130A/libs.ref/sky130_fd_sc_hd/mag
Cell sky130_fd_sc_hd__conb_1 read from path /home/vignesh/.volare/sky130A/libs.ref/sky130_fd_sc_hd/mag
  Processed 59198 subcell instances total.
  Processed 411 pins total.
  Processed 2 special nets total.
  Processed 19907 nets total.
DEF read: Processed 430537 lines.
Moving label "_00009_" from metal1 to via1 in cell picorv32_base.
Moving label "_00013_" from metal1 to via1 in cell picorv32_base.
Moving label "_00022_" from metal1 to via1 in cell picorv32_base.
Moving label "_00036_" from metal2 to via2 in cell picorv32_base.
Moving label "_00042_" from metal1 to via1 in cell picorv32_base.
Moving label "_00061_" from metal1 to via1 in cell picorv32_base.
Moving label "_00068_" from metal1 to via1 in cell picorv32_base.
Moving label "_00070_" from metal1 to viali in cell picorv32_base.
Moving label "_00079_" from metal1 to via1 in cell picorv32_base.
Moving label "_00086_" from metal1 to via1 in cell picorv32_base.
Moving label "_00092_" from metal1 to via1 in cell picorv32_base.
Moving label "_00094_" from metal1 to via1 in cell picorv32_base.
Moving label "_00097_" from metal1 to via1 in cell picorv32_base.
Moving label "_00105_" from metal1 to via1 in cell picorv32_base.
Moving label "_00128_" from metal1 to via1 in cell picorv32_base.
Moving label "_00143_" from metal1 to via1 in cell picorv32_base.
Moving label "_00144_" from metal1 to via1 in cell picorv32_base.
Moving label "_00145_" from metal1 to via1 in cell picorv32_base.
Moving label "_00150_" from metal1 to via1 in cell picorv32_base.
Moving label "_00154_" from metal1 to via1 in cell picorv32_base.
Moving label "_00171_" from metal2 to via2 in cell picorv32_base.
Moving label "_00172_" from metal2 to via2 in cell picorv32_base.
Moving label "_00173_" from metal2 to via2 in cell picorv32_base.
Moving label "_00197_" from metal1 to via1 in cell picorv32_base.
Moving label "_00203_" from metal1 to via1 in cell picorv32_base.
Moving label "_00210_" from metal1 to via1 in cell picorv32_base.
Moving label "_00275_" from metal1 to via1 in cell picorv32_base.
Moving label "_00280_" from metal1 to via1 in cell picorv32_base.
Moving label "_00290_" from metal1 to via1 in cell picorv32_base.
Moving label "_00311_" from metal1 to viali in cell picorv32_base.
Moving label "_00316_" from metal1 to via1 in cell picorv32_base.
Moving label "_00342_" from metal1 to via1 in cell picorv32_base.
Moving label "_00349_" from metal1 to via1 in cell picorv32_base.
Moving label "_00353_" from metal1 to via1 in cell picorv32_base.
Moving label "_00357_" from metal1 to via1 in cell picorv32_base.
Moving label "_00370_" from metal1 to via1 in cell picorv32_base.
Moving label "_00377_" from metal1 to via1 in cell picorv32_base.
Moving label "_00379_" from metal1 to via1 in cell picorv32_base.
Moving label "_00387_" from metal1 to viali in cell picorv32_base.
Moving label "_00403_" from metal1 to via1 in cell picorv32_base.
Moving label "_00405_" from metal1 to via1 in cell picorv32_base.
Moving label "_00406_" from metal1 to via1 in cell picorv32_base.
Moving label "_00409_" from metal1 to viali in cell picorv32_base.
Moving label "_00419_" from metal1 to via1 in cell picorv32_base.
Moving label "_00421_" from metal1 to viali in cell picorv32_base.
Moving label "_00431_" from metal1 to via1 in cell picorv32_base.
Moving label "_00433_" from metal1 to via1 in cell picorv32_base.
Moving label "_00438_" from metal1 to via1 in cell picorv32_base.
Moving label "_00440_" from metal1 to via1 in cell picorv32_base.
Moving label "_00446_" from metal1 to via1 in cell picorv32_base.
Moving label "_00448_" from metal1 to viali in cell picorv32_base.
Moving label "_00450_" from metal1 to via1 in cell picorv32_base.
Moving label "_00453_" from metal1 to via1 in cell picorv32_base.
Moving label "_00454_" from metal1 to via1 in cell picorv32_base.
Moving label "_00456_" from metal1 to via1 in cell picorv32_base.
Moving label "_00459_" from metal1 to via1 in cell picorv32_base.
Moving label "_00463_" from metal1 to via1 in cell picorv32_base.
Moving label "_00465_" from metal1 to via1 in cell picorv32_base.
Moving label "_00472_" from metal1 to via1 in cell picorv32_base.
Moving label "_00475_" from metal1 to via1 in cell picorv32_base.
Moving label "_00476_" from metal1 to via1 in cell picorv32_base.
Moving label "_00477_" from metal1 to via1 in cell picorv32_base.
Moving label "_00478_" from metal1 to via1 in cell picorv32_base.
Moving label "_00480_" from metal1 to via1 in cell picorv32_base.
Moving label "_00482_" from metal1 to via1 in cell picorv32_base.
Moving label "_00483_" from metal1 to via1 in cell picorv32_base.
Moving label "_00485_" from metal1 to via1 in cell picorv32_base.
Moving label "_00489_" from metal1 to viali in cell picorv32_base.
Moving label "_00492_" from metal1 to via1 in cell picorv32_base.
Moving label "_00493_" from metal1 to via1 in cell picorv32_base.
Moving label "_00495_" from metal1 to via1 in cell picorv32_base.
Moving label "_00497_" from metal1 to via1 in cell picorv32_base.
Moving label "_00508_" from metal1 to via1 in cell picorv32_base.
Moving label "_00515_" from metal1 to via1 in cell picorv32_base.
Moving label "_00516_" from metal1 to via1 in cell picorv32_base.
Moving label "_00519_" from metal1 to via1 in cell picorv32_base.
Moving label "_00524_" from metal1 to via1 in cell picorv32_base.
Moving label "_00526_" from metal1 to via1 in cell picorv32_base.
Moving label "_00528_" from metal1 to via1 in cell picorv32_base.
Moving label "_00530_" from metal1 to via1 in cell picorv32_base.
Moving label "_00532_" from metal1 to via1 in cell picorv32_base.
Moving label "_00533_" from metal1 to via1 in cell picorv32_base.
Moving label "_00534_" from metal1 to via1 in cell picorv32_base.
Moving label "_00535_" from metal1 to via1 in cell picorv32_base.
Moving label "_00556_" from metal1 to via1 in cell picorv32_base.
Moving label "_00558_" from metal1 to viali in cell picorv32_base.
Moving label "_00573_" from metal1 to viali in cell picorv32_base.
Moving label "_00575_" from metal1 to via1 in cell picorv32_base.
Moving label "_00579_" from metal1 to via1 in cell picorv32_base.
Moving label "_00580_" from metal1 to via1 in cell picorv32_base.
Moving label "_00582_" from metal1 to via1 in cell picorv32_base.
Moving label "_00584_" from metal1 to via1 in cell picorv32_base.
Moving label "_00595_" from metal1 to via1 in cell picorv32_base.
Moving label "_00600_" from metal1 to via1 in cell picorv32_base.
Moving label "_00601_" from metal1 to via1 in cell picorv32_base.
Moving label "_00606_" from metal1 to viali in cell picorv32_base.
Moving label "_00611_" from metal1 to via1 in cell picorv32_base.
Moving label "_00614_" from metal1 to via1 in cell picorv32_base.
Moving label "_00620_" from metal1 to via1 in cell picorv32_base.
Moving label "_00625_" from metal1 to via1 in cell picorv32_base.
Moving label "_00632_" from metal1 to via1 in cell picorv32_base.
Moving label "_00635_" from metal1 to via1 in cell picorv32_base.
Moving label "_00642_" from metal1 to via1 in cell picorv32_base.
Moving label "_00654_" from metal1 to via1 in cell picorv32_base.
Moving label "_00661_" from metal1 to via1 in cell picorv32_base.
Moving label "_00662_" from metal1 to via1 in cell picorv32_base.
Moving label "_00669_" from metal1 to via1 in cell picorv32_base.
Moving label "_00675_" from metal1 to via1 in cell picorv32_base.
Moving label "_00679_" from metal1 to via1 in cell picorv32_base.
Moving label "_00681_" from metal1 to via1 in cell picorv32_base.
Moving label "_00684_" from metal1 to via1 in cell picorv32_base.
Moving label "_00698_" from metal1 to via1 in cell picorv32_base.
Moving label "_00699_" from metal1 to via1 in cell picorv32_base.
Moving label "_00700_" from metal1 to via1 in cell picorv32_base.
Moving label "_00702_" from metal1 to via1 in cell picorv32_base.
Moving label "_00703_" from metal1 to via1 in cell picorv32_base.
Moving label "_00706_" from metal1 to via1 in cell picorv32_base.
Moving label "_00710_" from metal1 to via1 in cell picorv32_base.
Moving label "_00719_" from metal1 to via1 in cell picorv32_base.
Moving label "_00725_" from metal1 to via1 in cell picorv32_base.
Moving label "_00729_" from metal1 to via1 in cell picorv32_base.
Moving label "_00733_" from metal1 to via1 in cell picorv32_base.
Moving label "_00735_" from metal1 to viali in cell picorv32_base.
Moving label "_00736_" from metal1 to via1 in cell picorv32_base.
Moving label "_00737_" from metal1 to via1 in cell picorv32_base.
Moving label "_00742_" from metal1 to via1 in cell picorv32_base.
Moving label "_00743_" from metal1 to via1 in cell picorv32_base.
Moving label "_00745_" from metal1 to via1 in cell picorv32_base.
Moving label "_00747_" from metal1 to via1 in cell picorv32_base.
Moving label "_00750_" from metal1 to via1 in cell picorv32_base.
Moving label "_00751_" from metal1 to via1 in cell picorv32_base.
Moving label "_00754_" from metal1 to via1 in cell picorv32_base.
Moving label "_00755_" from metal1 to via1 in cell picorv32_base.
Moving label "_00763_" from metal1 to via1 in cell picorv32_base.
Moving label "_00772_" from metal1 to via1 in cell picorv32_base.
Moving label "_00777_" from metal1 to via1 in cell picorv32_base.
Moving label "_00781_" from metal1 to via1 in cell picorv32_base.
Moving label "_00787_" from metal1 to via1 in cell picorv32_base.
Moving label "_00788_" from metal1 to via1 in cell picorv32_base.
Moving label "_00792_" from metal1 to viali in cell picorv32_base.
Moving label "_00795_" from metal1 to via1 in cell picorv32_base.
Moving label "_00799_" from metal1 to via1 in cell picorv32_base.
Moving label "_00801_" from metal1 to via1 in cell picorv32_base.
Moving label "_00802_" from metal1 to via1 in cell picorv32_base.
Moving label "_00825_" from metal1 to via1 in cell picorv32_base.
Moving label "_00840_" from metal1 to via1 in cell picorv32_base.
Moving label "_00847_" from metal1 to viali in cell picorv32_base.
Moving label "_00852_" from metal1 to via1 in cell picorv32_base.
Moving label "_00858_" from metal1 to via1 in cell picorv32_base.
Moving label "_00862_" from metal1 to via1 in cell picorv32_base.
Moving label "_00873_" from metal1 to via1 in cell picorv32_base.
Moving label "_00876_" from metal1 to via1 in cell picorv32_base.
Moving label "_00902_" from metal1 to via1 in cell picorv32_base.
Moving label "_00904_" from metal1 to via1 in cell picorv32_base.
Moving label "_00906_" from metal1 to viali in cell picorv32_base.
Moving label "_00908_" from metal1 to via1 in cell picorv32_base.
Moving label "_00910_" from metal1 to via1 in cell picorv32_base.
Moving label "_00918_" from metal1 to via1 in cell picorv32_base.
Moving label "_00921_" from metal1 to via1 in cell picorv32_base.
Moving label "_00926_" from metal1 to via1 in cell picorv32_base.
Moving label "_00928_" from metal1 to via1 in cell picorv32_base.
Moving label "_00931_" from metal1 to via1 in cell picorv32_base.
Moving label "_00934_" from metal1 to via1 in cell picorv32_base.
Moving label "_00935_" from metal1 to via1 in cell picorv32_base.
Moving label "_00940_" from metal1 to via1 in cell picorv32_base.
Moving label "_00942_" from metal1 to viali in cell picorv32_base.
Moving label "_00948_" from metal1 to via1 in cell picorv32_base.
Moving label "_00956_" from metal1 to via1 in cell picorv32_base.
Moving label "_00957_" from metal1 to via1 in cell picorv32_base.
Moving label "_00958_" from metal1 to via1 in cell picorv32_base.
Moving label "_00962_" from metal1 to via1 in cell picorv32_base.
Moving label "_00964_" from metal1 to viali in cell picorv32_base.
Moving label "_00969_" from metal1 to via1 in cell picorv32_base.
Moving label "_00974_" from metal1 to via1 in cell picorv32_base.
Moving label "_00977_" from metal1 to via1 in cell picorv32_base.
Moving label "_00978_" from metal1 to viali in cell picorv32_base.
Moving label "_00980_" from metal1 to via1 in cell picorv32_base.
Moving label "_00988_" from metal1 to via1 in cell picorv32_base.
Moving label "_00994_" from metal1 to via1 in cell picorv32_base.
Moving label "_00997_" from metal1 to via1 in cell picorv32_base.
Moving label "_01002_" from metal1 to via1 in cell picorv32_base.
Moving label "_01004_" from metal1 to via1 in cell picorv32_base.
Moving label "_01018_" from metal1 to via1 in cell picorv32_base.
Moving label "_01023_" from metal1 to via1 in cell picorv32_base.
Moving label "_01024_" from metal1 to via1 in cell picorv32_base.
Moving label "_01026_" from metal1 to via1 in cell picorv32_base.
Moving label "_01030_" from metal1 to via1 in cell picorv32_base.
Moving label "_01034_" from metal1 to via1 in cell picorv32_base.
Moving label "_01044_" from metal1 to via1 in cell picorv32_base.
Moving label "_01046_" from metal1 to via1 in cell picorv32_base.
Moving label "_01047_" from metal1 to via1 in cell picorv32_base.
Moving label "_01052_" from metal1 to viali in cell picorv32_base.
Moving label "_01056_" from metal1 to via1 in cell picorv32_base.
Moving label "_01058_" from metal1 to via1 in cell picorv32_base.
Moving label "_01062_" from metal1 to via1 in cell picorv32_base.
Moving label "_01066_" from metal1 to via1 in cell picorv32_base.
Moving label "_01076_" from metal1 to via1 in cell picorv32_base.
Moving label "_01077_" from metal1 to via1 in cell picorv32_base.
Moving label "_01082_" from metal1 to via1 in cell picorv32_base.
Moving label "_01087_" from metal1 to via1 in cell picorv32_base.
Moving label "_01094_" from metal1 to via1 in cell picorv32_base.
Moving label "_01097_" from metal1 to via1 in cell picorv32_base.
Moving label "_01098_" from metal1 to via1 in cell picorv32_base.
Moving label "_01099_" from metal1 to via1 in cell picorv32_base.
Moving label "_01113_" from metal1 to via1 in cell picorv32_base.
Moving label "_01123_" from metal1 to via1 in cell picorv32_base.
Moving label "_01126_" from metal1 to viali in cell picorv32_base.
Moving label "_01138_" from metal1 to viali in cell picorv32_base.
Moving label "_01139_" from metal1 to viali in cell picorv32_base.
Moving label "_01141_" from metal1 to via1 in cell picorv32_base.
Moving label "_01145_" from metal1 to viali in cell picorv32_base.
Moving label "_01153_" from metal1 to via1 in cell picorv32_base.
Moving label "_01167_" from metal1 to via1 in cell picorv32_base.
Moving label "_01168_" from metal1 to via1 in cell picorv32_base.
Moving label "_01176_" from metal1 to viali in cell picorv32_base.
Moving label "_01180_" from metal1 to via1 in cell picorv32_base.
Moving label "_01183_" from metal1 to via1 in cell picorv32_base.
Moving label "_01187_" from metal1 to via1 in cell picorv32_base.
Moving label "_01193_" from metal1 to via1 in cell picorv32_base.
Moving label "_01206_" from metal1 to via1 in cell picorv32_base.
Moving label "_01209_" from metal1 to via1 in cell picorv32_base.
Moving label "_01212_" from metal1 to via1 in cell picorv32_base.
Moving label "_01216_" from metal1 to via1 in cell picorv32_base.
Moving label "_01227_" from metal1 to via1 in cell picorv32_base.
Moving label "_01233_" from metal1 to via1 in cell picorv32_base.
Moving label "_01241_" from metal1 to viali in cell picorv32_base.
Moving label "_01271_" from metal1 to viali in cell picorv32_base.
Moving label "_01274_" from metal1 to viali in cell picorv32_base.
Moving label "_01276_" from metal1 to via1 in cell picorv32_base.
Moving label "_01277_" from metal1 to via1 in cell picorv32_base.
Moving label "_01285_" from metal1 to via1 in cell picorv32_base.
Moving label "_01290_" from metal1 to via1 in cell picorv32_base.
Moving label "_01297_" from metal1 to via1 in cell picorv32_base.
Moving label "_01301_" from metal1 to via1 in cell picorv32_base.
Moving label "_01303_" from metal1 to via1 in cell picorv32_base.
Moving label "_01306_" from metal1 to via1 in cell picorv32_base.
Moving label "_01307_" from metal1 to via1 in cell picorv32_base.
Moving label "_01311_" from metal1 to via1 in cell picorv32_base.
Moving label "_01313_" from metal1 to via1 in cell picorv32_base.
Moving label "_01314_" from metal1 to via1 in cell picorv32_base.
Moving label "_01317_" from metal1 to via1 in cell picorv32_base.
Moving label "_01319_" from metal1 to via1 in cell picorv32_base.
Moving label "_01322_" from metal1 to viali in cell picorv32_base.
Moving label "_01328_" from metal1 to via1 in cell picorv32_base.
Moving label "_01329_" from metal1 to via1 in cell picorv32_base.
Moving label "_01330_" from metal1 to via1 in cell picorv32_base.
Moving label "_01332_" from metal1 to via1 in cell picorv32_base.
Moving label "_01334_" from metal1 to via1 in cell picorv32_base.
Moving label "_01341_" from metal1 to viali in cell picorv32_base.
Moving label "_01348_" from metal1 to via1 in cell picorv32_base.
Moving label "_01355_" from metal1 to via1 in cell picorv32_base.
Moving label "_01361_" from metal1 to via1 in cell picorv32_base.
Moving label "_01362_" from metal1 to via1 in cell picorv32_base.
Moving label "_01364_" from metal1 to via1 in cell picorv32_base.
Moving label "_01365_" from metal1 to via1 in cell picorv32_base.
Moving label "_01377_" from metal1 to via1 in cell picorv32_base.
Moving label "_01380_" from metal1 to via1 in cell picorv32_base.
Moving label "_01384_" from metal1 to via1 in cell picorv32_base.
Moving label "_01385_" from metal1 to via1 in cell picorv32_base.
Moving label "_01397_" from metal1 to via1 in cell picorv32_base.
Moving label "_01398_" from metal1 to via1 in cell picorv32_base.
Moving label "_01412_" from metal1 to via1 in cell picorv32_base.
Moving label "_01437_" from metal1 to via1 in cell picorv32_base.
Moving label "_01443_" from metal1 to via1 in cell picorv32_base.
Moving label "_01463_" from metal1 to via1 in cell picorv32_base.
Moving label "_01485_" from metal1 to via1 in cell picorv32_base.
Moving label "_01487_" from metal1 to via1 in cell picorv32_base.
Moving label "_01489_" from metal1 to via1 in cell picorv32_base.
Moving label "_01498_" from metal1 to via1 in cell picorv32_base.
Moving label "_01500_" from metal1 to via1 in cell picorv32_base.
Moving label "_01506_" from metal1 to via1 in cell picorv32_base.
Moving label "_01520_" from metal1 to via1 in cell picorv32_base.
Moving label "_01526_" from metal1 to via1 in cell picorv32_base.
Moving label "_01528_" from metal1 to via1 in cell picorv32_base.
Moving label "_01542_" from metal1 to via1 in cell picorv32_base.
Moving label "_01544_" from metal1 to via1 in cell picorv32_base.
Moving label "_01548_" from metal1 to via1 in cell picorv32_base.
Moving label "_01562_" from metal2 to via1 in cell picorv32_base.
Moving label "_01563_" from metal1 to via1 in cell picorv32_base.
Moving label "_01608_" from metal1 to via1 in cell picorv32_base.
Moving label "_01613_" from metal1 to via1 in cell picorv32_base.
Moving label "_01686_" from metal1 to viali in cell picorv32_base.
Moving label "_01687_" from metal1 to via1 in cell picorv32_base.
Moving label "_01691_" from metal1 to via1 in cell picorv32_base.
Moving label "_01700_" from metal1 to via1 in cell picorv32_base.
Moving label "_01719_" from metal1 to via1 in cell picorv32_base.
Moving label "_01722_" from metal1 to via1 in cell picorv32_base.
Moving label "_01727_" from metal1 to via1 in cell picorv32_base.
Moving label "_01734_" from metal1 to via1 in cell picorv32_base.
Moving label "_01742_" from metal1 to via1 in cell picorv32_base.
Moving label "_01747_" from metal1 to via1 in cell picorv32_base.
Moving label "_01750_" from metal1 to via1 in cell picorv32_base.
Moving label "_01758_" from metal1 to via1 in cell picorv32_base.
Moving label "_01773_" from metal1 to via1 in cell picorv32_base.
Moving label "_01778_" from metal1 to via1 in cell picorv32_base.
Moving label "_01779_" from metal1 to via1 in cell picorv32_base.
Moving label "_01788_" from metal1 to via1 in cell picorv32_base.
Moving label "_01832_" from metal1 to via1 in cell picorv32_base.
Moving label "_01844_" from metal1 to via1 in cell picorv32_base.
Moving label "_01846_" from metal1 to via1 in cell picorv32_base.
Moving label "_01864_" from metal1 to via1 in cell picorv32_base.
Moving label "_01867_" from metal1 to via1 in cell picorv32_base.
Moving label "_01868_" from metal1 to via1 in cell picorv32_base.
Moving label "_01890_" from metal1 to via1 in cell picorv32_base.
Moving label "_01896_" from metal1 to viali in cell picorv32_base.
Moving label "_01903_" from metal1 to via1 in cell picorv32_base.
Moving label "_01926_" from metal1 to via1 in cell picorv32_base.
Moving label "_01932_" from metal1 to via1 in cell picorv32_base.
Moving label "_01936_" from metal1 to via1 in cell picorv32_base.
Moving label "_01944_" from metal1 to via1 in cell picorv32_base.
Moving label "_01948_" from metal1 to via1 in cell picorv32_base.
Moving label "_01959_" from metal1 to via1 in cell picorv32_base.
Moving label "_01962_" from metal1 to via1 in cell picorv32_base.
Moving label "_01963_" from metal1 to via1 in cell picorv32_base.
Moving label "_01964_" from metal1 to via1 in cell picorv32_base.
Moving label "_01966_" from metal1 to via1 in cell picorv32_base.
Moving label "_01969_" from metal1 to via1 in cell picorv32_base.
Moving label "_01972_" from metal1 to via1 in cell picorv32_base.
Moving label "_01993_" from metal1 to via1 in cell picorv32_base.
Moving label "_02000_" from metal1 to via1 in cell picorv32_base.
Moving label "_02003_" from metal1 to via1 in cell picorv32_base.
Moving label "_02014_" from metal1 to via1 in cell picorv32_base.
Moving label "_02020_" from metal1 to via1 in cell picorv32_base.
Moving label "_02025_" from metal1 to via1 in cell picorv32_base.
Moving label "_02029_" from metal1 to viali in cell picorv32_base.
Moving label "_02033_" from metal1 to via1 in cell picorv32_base.
Moving label "_02043_" from metal1 to via1 in cell picorv32_base.
Moving label "_02045_" from metal1 to via1 in cell picorv32_base.
Moving label "_02046_" from metal1 to via1 in cell picorv32_base.
Moving label "_02047_" from metal1 to via1 in cell picorv32_base.
Moving label "_02050_" from metal1 to via1 in cell picorv32_base.
Moving label "_02058_" from metal1 to via1 in cell picorv32_base.
Moving label "_02062_" from metal1 to viali in cell picorv32_base.
Moving label "_02064_" from metal1 to via1 in cell picorv32_base.
Moving label "_02067_" from metal1 to via1 in cell picorv32_base.
Moving label "_02070_" from metal1 to via1 in cell picorv32_base.
Moving label "_02072_" from metal1 to via1 in cell picorv32_base.
Moving label "_02111_" from metal2 to via2 in cell picorv32_base.
Moving label "_02208_" from metal1 to via1 in cell picorv32_base.
Moving label "_02210_" from metal1 to viali in cell picorv32_base.
Moving label "_02216_" from metal1 to via1 in cell picorv32_base.
Moving label "_02218_" from metal2 to via2 in cell picorv32_base.
Moving label "_02297_" from metal1 to via1 in cell picorv32_base.
Moving label "_02474_" from metal1 to via1 in cell picorv32_base.
Moving label "_02510_" from metal1 to viali in cell picorv32_base.
Moving label "_02537_" from metal1 to via1 in cell picorv32_base.
Moving label "_02578_" from metal1 to viali in cell picorv32_base.
Moving label "_02742_" from metal1 to via1 in cell picorv32_base.
Moving label "_02774_" from metal2 to via2 in cell picorv32_base.
Moving label "_02839_" from metal2 to via1 in cell picorv32_base.
Moving label "_02915_" from metal2 to via2 in cell picorv32_base.
Moving label "_02933_" from metal1 to via1 in cell picorv32_base.
Moving label "_02975_" from metal3 to via3 in cell picorv32_base.
Moving label "_03074_" from metal2 to via2 in cell picorv32_base.
Moving label "_03093_" from metal2 to via2 in cell picorv32_base.
Moving label "_03142_" from metal1 to via1 in cell picorv32_base.
Moving label "_03163_" from metal2 to via1 in cell picorv32_base.
Moving label "_03269_" from metal1 to viali in cell picorv32_base.
Moving label "_03312_" from metal1 to via1 in cell picorv32_base.
Moving label "_03390_" from metal1 to via1 in cell picorv32_base.
Moving label "_03398_" from metal1 to via1 in cell picorv32_base.
Moving label "_03411_" from metal1 to via1 in cell picorv32_base.
Moving label "_03416_" from metal3 to via3 in cell picorv32_base.
Moving label "_03482_" from metal1 to viali in cell picorv32_base.
Moving label "_03497_" from metal1 to via1 in cell picorv32_base.
Moving label "_03569_" from metal2 to via2 in cell picorv32_base.
Moving label "_03649_" from metal1 to viali in cell picorv32_base.
Moving label "_03670_" from metal1 to viali in cell picorv32_base.
Moving label "_03728_" from metal1 to via1 in cell picorv32_base.
Moving label "_03738_" from metal2 to via2 in cell picorv32_base.
Moving label "_03838_" from metal1 to via1 in cell picorv32_base.
Moving label "_03869_" from metal1 to via1 in cell picorv32_base.
Moving label "_03872_" from metal1 to viali in cell picorv32_base.
Moving label "_03875_" from metal3 to via3 in cell picorv32_base.
Moving label "_03883_" from metal1 to via1 in cell picorv32_base.
Moving label "_03904_" from metal1 to via1 in cell picorv32_base.
Moving label "_03950_" from metal2 to via2 in cell picorv32_base.
Moving label "_03987_" from metal2 to via2 in cell picorv32_base.
Moving label "_03993_" from metal1 to via1 in cell picorv32_base.
Moving label "_04081_" from metal2 to via2 in cell picorv32_base.
Moving label "_04095_" from metal2 to via1 in cell picorv32_base.
Moving label "_04203_" from metal2 to via1 in cell picorv32_base.
Moving label "_04253_" from metal1 to viali in cell picorv32_base.
Moving label "_04369_" from metal1 to viali in cell picorv32_base.
Moving label "_04371_" from metal1 to viali in cell picorv32_base.
Moving label "_04411_" from metal1 to via1 in cell picorv32_base.
Moving label "_04412_" from metal1 to viali in cell picorv32_base.
Moving label "_04560_" from metal2 to via2 in cell picorv32_base.
Moving label "_04624_" from metal2 to via1 in cell picorv32_base.
Moving label "_04649_" from metal1 to via1 in cell picorv32_base.
Moving label "_04841_" from metal1 to via1 in cell picorv32_base.
Moving label "_04985_" from metal1 to via1 in cell picorv32_base.
Moving label "_05258_" from metal2 to via2 in cell picorv32_base.
Moving label "_05425_" from metal1 to via1 in cell picorv32_base.
Moving label "_05458_" from metal1 to via1 in cell picorv32_base.
Moving label "_05479_" from metal1 to viali in cell picorv32_base.
Moving label "_05481_" from metal2 to via2 in cell picorv32_base.
Moving label "_05503_" from metal1 to viali in cell picorv32_base.
Moving label "_05591_" from metal2 to via2 in cell picorv32_base.
Moving label "_05617_" from metal1 to viali in cell picorv32_base.
Moving label "_05631_" from metal1 to via1 in cell picorv32_base.
Moving label "_05663_" from metal1 to via1 in cell picorv32_base.
Moving label "_05733_" from metal1 to viali in cell picorv32_base.
Moving label "_05791_" from metal1 to via1 in cell picorv32_base.
Moving label "_06061_" from metal1 to via1 in cell picorv32_base.
Moving label "_06191_" from metal1 to via1 in cell picorv32_base.
Moving label "_06284_" from metal1 to via1 in cell picorv32_base.
Moving label "_06304_" from metal1 to via1 in cell picorv32_base.
Moving label "_06374_" from metal1 to viali in cell picorv32_base.
Moving label "_06569_" from metal1 to viali in cell picorv32_base.
Moving label "_06585_" from metal1 to viali in cell picorv32_base.
Moving label "_06640_" from metal1 to via1 in cell picorv32_base.
Moving label "_06648_" from metal2 to via2 in cell picorv32_base.
Moving label "_06695_" from metal1 to viali in cell picorv32_base.
Moving label "_06713_" from metal1 to via1 in cell picorv32_base.
Moving label "_06733_" from metal1 to via1 in cell picorv32_base.
Moving label "_06828_" from metal1 to viali in cell picorv32_base.
Moving label "_06850_" from metal1 to viali in cell picorv32_base.
Moving label "_06897_" from metal1 to via1 in cell picorv32_base.
Moving label "_06912_" from metal3 to via3 in cell picorv32_base.
Moving label "_06919_" from metal2 to via2 in cell picorv32_base.
Moving label "_06950_" from metal2 to via2 in cell picorv32_base.
Moving label "_07023_" from metal2 to via2 in cell picorv32_base.
Moving label "_07030_" from metal2 to via1 in cell picorv32_base.
Moving label "_07075_" from metal1 to viali in cell picorv32_base.
Moving label "_07288_" from metal1 to viali in cell picorv32_base.
Moving label "_07296_" from metal1 to viali in cell picorv32_base.
Moving label "_07519_" from metal1 to via1 in cell picorv32_base.
Moving label "_07549_" from metal1 to viali in cell picorv32_base.
Moving label "_07626_" from metal2 to via2 in cell picorv32_base.
Moving label "_07756_" from metal1 to viali in cell picorv32_base.
Moving label "_07892_" from metal1 to via1 in cell picorv32_base.
Moving label "_08109_" from metal2 to via2 in cell picorv32_base.
Moving label "_08133_" from metal1 to viali in cell picorv32_base.
Moving label "_08146_" from metal1 to viali in cell picorv32_base.
Moving label "_08452_" from metal1 to via1 in cell picorv32_base.
Moving label "_08477_" from metal1 to via1 in cell picorv32_base.
Moving label "_08641_" from metal1 to via1 in cell picorv32_base.
Moving label "_08670_" from metal1 to viali in cell picorv32_base.
Moving label "_08688_" from metal1 to via1 in cell picorv32_base.
Moving label "_08698_" from metal2 to via1 in cell picorv32_base.
Moving label "_08852_" from metal3 to via3 in cell picorv32_base.
Moving label "_08863_" from metal1 to via1 in cell picorv32_base.
Moving label "_08904_" from metal2 to via1 in cell picorv32_base.
Moving label "_08956_" from metal1 to via1 in cell picorv32_base.
Moving label "_08988_" from metal1 to viali in cell picorv32_base.
Moving label "_09007_" from metal1 to viali in cell picorv32_base.
Moving label "_09056_" from metal1 to via1 in cell picorv32_base.
Moving label "_09064_" from metal1 to viali in cell picorv32_base.
Moving label "_09163_" from metal1 to viali in cell picorv32_base.
Moving label "_09234_" from metal1 to viali in cell picorv32_base.
Moving label "_09265_" from metal1 to via1 in cell picorv32_base.
Moving label "_09267_" from metal1 to via1 in cell picorv32_base.
Moving label "_09388_" from metal1 to viali in cell picorv32_base.
Moving label "_09397_" from metal1 to viali in cell picorv32_base.
Moving label "_09442_" from metal2 to via1 in cell picorv32_base.
Moving label "_09453_" from metal1 to viali in cell picorv32_base.
Moving label "_09490_" from metal1 to via1 in cell picorv32_base.
Moving label "_09493_" from metal1 to via1 in cell picorv32_base.
Moving label "_09501_" from metal1 to via1 in cell picorv32_base.
Moving label "_09553_" from metal1 to via1 in cell picorv32_base.
Moving label "_09661_" from metal1 to viali in cell picorv32_base.
Moving label "_09672_" from metal2 to via2 in cell picorv32_base.
Moving label "_09711_" from metal2 to via1 in cell picorv32_base.
Moving label "_09729_" from metal2 to via2 in cell picorv32_base.
Moving label "_09730_" from metal2 to via1 in cell picorv32_base.
Moving label "_09766_" from metal2 to via2 in cell picorv32_base.
Moving label "_09777_" from metal2 to via2 in cell picorv32_base.
Moving label "_09898_" from metal1 to via1 in cell picorv32_base.
Moving label "_09948_" from metal1 to via1 in cell picorv32_base.
Moving label "_09953_" from metal2 to via2 in cell picorv32_base.
Moving label "_10002_" from metal1 to viali in cell picorv32_base.
Moving label "_10024_" from metal1 to via1 in cell picorv32_base.
Moving label "_10035_" from metal1 to viali in cell picorv32_base.
Moving label "_10062_" from metal1 to viali in cell picorv32_base.
Moving label "_10063_" from metal2 to via1 in cell picorv32_base.
Moving label "_10125_" from metal1 to viali in cell picorv32_base.
Moving label "_10202_" from metal1 to viali in cell picorv32_base.
Moving label "_10206_" from metal1 to viali in cell picorv32_base.
Moving label "_10267_" from metal1 to viali in cell picorv32_base.
Moving label "_10270_" from metal2 to via2 in cell picorv32_base.
Moving label "_10289_" from metal1 to viali in cell picorv32_base.
Moving label "_10354_" from metal2 to via2 in cell picorv32_base.
Moving label "_10355_" from metal2 to via2 in cell picorv32_base.
Moving label "_10421_" from metal1 to via1 in cell picorv32_base.
Moving label "_10449_" from metal1 to viali in cell picorv32_base.
Moving label "_10506_" from metal1 to viali in cell picorv32_base.
Moving label "_10538_" from metal1 to viali in cell picorv32_base.
Moving label "_10559_" from metal1 to viali in cell picorv32_base.
Moving label "_10571_" from metal1 to viali in cell picorv32_base.
Moving label "_10711_" from metal1 to via1 in cell picorv32_base.
Moving label "_10740_" from metal1 to viali in cell picorv32_base.
Moving label "_10833_" from metal1 to viali in cell picorv32_base.
Moving label "_10978_" from metal3 to via3 in cell picorv32_base.
Moving label "_10998_" from metal2 to via2 in cell picorv32_base.
Moving label "_11028_" from metal3 to via3 in cell picorv32_base.
Moving label "_11122_" from metal2 to via2 in cell picorv32_base.
Moving label "_11210_" from metal1 to viali in cell picorv32_base.
Moving label "_11241_" from metal2 to via2 in cell picorv32_base.
Moving label "_11272_" from metal1 to viali in cell picorv32_base.
Moving label "_11307_" from metal1 to viali in cell picorv32_base.
Moving label "_11430_" from metal1 to via1 in cell picorv32_base.
Moving label "_11491_" from metal2 to via2 in cell picorv32_base.
Moving label "_11530_" from metal1 to via1 in cell picorv32_base.
Moving label "_11582_" from metal3 to via3 in cell picorv32_base.
Moving label "_11618_" from metal2 to via2 in cell picorv32_base.
Moving label "_11621_" from metal2 to via2 in cell picorv32_base.
Moving label "_11653_" from metal1 to via1 in cell picorv32_base.
Moving label "_11655_" from metal2 to via2 in cell picorv32_base.
Moving label "_11682_" from metal1 to via1 in cell picorv32_base.
Moving label "_11815_" from metal1 to via1 in cell picorv32_base.
Moving label "_11856_" from metal2 to via2 in cell picorv32_base.
Moving label "_11874_" from metal2 to via2 in cell picorv32_base.
Moving label "_11885_" from metal2 to via1 in cell picorv32_base.
Moving label "_11918_" from metal2 to via2 in cell picorv32_base.
Moving label "_11959_" from metal2 to via1 in cell picorv32_base.
Moving label "_12003_" from metal1 to via1 in cell picorv32_base.
Moving label "_12021_" from metal1 to via1 in cell picorv32_base.
Moving label "_12036_" from metal1 to viali in cell picorv32_base.
Moving label "_12055_" from metal2 to via1 in cell picorv32_base.
Moving label "_12064_" from metal1 to via1 in cell picorv32_base.
Moving label "_12135_" from metal2 to via2 in cell picorv32_base.
Moving label "_12193_" from metal1 to viali in cell picorv32_base.
Moving label "_12198_" from metal2 to via2 in cell picorv32_base.
Moving label "_12344_" from metal2 to via2 in cell picorv32_base.
Moving label "_12431_" from metal1 to viali in cell picorv32_base.
Moving label "_12467_" from metal2 to via1 in cell picorv32_base.
Moving label "_12473_" from metal1 to viali in cell picorv32_base.
Moving label "_12474_" from metal1 to viali in cell picorv32_base.
Moving label "_12513_" from metal1 to via1 in cell picorv32_base.
Moving label "_12550_" from metal1 to via1 in cell picorv32_base.
Moving label "_12594_" from metal1 to via1 in cell picorv32_base.
Moving label "_12601_" from metal1 to viali in cell picorv32_base.
Moving label "_12607_" from metal1 to viali in cell picorv32_base.
Moving label "_12631_" from metal2 to via2 in cell picorv32_base.
Moving label "_12642_" from metal2 to via2 in cell picorv32_base.
Moving label "_12665_" from metal2 to via2 in cell picorv32_base.
Moving label "_12667_" from metal1 to viali in cell picorv32_base.
Moving label "_12671_" from metal3 to via3 in cell picorv32_base.
Moving label "_12683_" from metal1 to via1 in cell picorv32_base.
Moving label "_12726_" from metal2 to via2 in cell picorv32_base.
Moving label "_12847_" from metal1 to via1 in cell picorv32_base.
Moving label "_12888_" from metal1 to viali in cell picorv32_base.
Moving label "_12894_" from metal2 to via2 in cell picorv32_base.
Moving label "_12971_" from metal1 to viali in cell picorv32_base.
Moving label "_12978_" from metal2 to via2 in cell picorv32_base.
Moving label "_13015_" from metal2 to via2 in cell picorv32_base.
Moving label "_13080_" from metal1 to viali in cell picorv32_base.
Moving label "_13155_" from metal1 to via1 in cell picorv32_base.
Moving label "_13167_" from metal2 to via2 in cell picorv32_base.
Moving label "_13195_" from metal2 to via2 in cell picorv32_base.
Moving label "_13402_" from metal2 to via2 in cell picorv32_base.
Moving label "_13418_" from metal1 to viali in cell picorv32_base.
Moving label "_13428_" from metal2 to via2 in cell picorv32_base.
Moving label "_13433_" from metal2 to via2 in cell picorv32_base.
Moving label "_13437_" from metal2 to via2 in cell picorv32_base.
Moving label "_13472_" from metal3 to via3 in cell picorv32_base.
Moving label "_13498_" from metal2 to via2 in cell picorv32_base.
Moving label "_13506_" from metal2 to via2 in cell picorv32_base.
Moving label "_13509_" from metal1 to viali in cell picorv32_base.
Moving label "_13522_" from metal1 to via1 in cell picorv32_base.
Moving label "_13530_" from metal1 to via1 in cell picorv32_base.
Moving label "_13542_" from metal2 to via2 in cell picorv32_base.
Moving label "_13571_" from metal1 to viali in cell picorv32_base.
Moving label "_13579_" from metal1 to via1 in cell picorv32_base.
Moving label "_13613_" from metal2 to via2 in cell picorv32_base.
Moving label "_13615_" from metal1 to via1 in cell picorv32_base.
Moving label "_13637_" from metal1 to viali in cell picorv32_base.
Moving label "_13644_" from metal2 to via2 in cell picorv32_base.
Moving label "_13653_" from metal2 to via1 in cell picorv32_base.
Moving label "_13685_" from metal2 to via2 in cell picorv32_base.
Moving label "_13725_" from metal1 to via1 in cell picorv32_base.
Moving label "_13744_" from metal1 to viali in cell picorv32_base.
Moving label "_13758_" from metal1 to via1 in cell picorv32_base.
Moving label "_13763_" from metal1 to via1 in cell picorv32_base.
Moving label "_13764_" from metal2 to via1 in cell picorv32_base.
Moving label "_13791_" from metal2 to via2 in cell picorv32_base.
Moving label "_13793_" from metal2 to via2 in cell picorv32_base.
Moving label "_13801_" from metal1 to viali in cell picorv32_base.
Moving label "_13810_" from metal1 to via1 in cell picorv32_base.
Moving label "_13815_" from metal1 to viali in cell picorv32_base.
Moving label "_13883_" from metal1 to viali in cell picorv32_base.
Moving label "_13975_" from metal2 to via2 in cell picorv32_base.
Moving label "_13987_" from metal1 to via1 in cell picorv32_base.
Moving label "_14008_" from metal2 to via2 in cell picorv32_base.
Moving label "_14127_" from metal2 to via2 in cell picorv32_base.
Moving label "_14175_" from metal1 to viali in cell picorv32_base.
Moving label "_14259_" from metal2 to via1 in cell picorv32_base.
Moving label "_14380_" from metal2 to via1 in cell picorv32_base.
Moving label "_14453_" from metal2 to via1 in cell picorv32_base.
Moving label "_14549_" from metal1 to viali in cell picorv32_base.
Moving label "_14556_" from metal1 to viali in cell picorv32_base.
Moving label "_14598_" from metal3 to via3 in cell picorv32_base.
Moving label "_14604_" from metal1 to via1 in cell picorv32_base.
Moving label "_14649_" from metal1 to via1 in cell picorv32_base.
Moving label "_14688_" from metal1 to via1 in cell picorv32_base.
Moving label "_14695_" from metal1 to viali in cell picorv32_base.
Moving label "_14742_" from metal1 to via1 in cell picorv32_base.
Moving label "_14752_" from metal1 to via1 in cell picorv32_base.
Moving label "_14758_" from metal1 to via1 in cell picorv32_base.
Moving label "_14864_" from metal1 to viali in cell picorv32_base.
Moving label "_14932_" from metal1 to via1 in cell picorv32_base.
Moving label "_14937_" from metal2 to via2 in cell picorv32_base.
Moving label "_15001_" from metal1 to viali in cell picorv32_base.
Moving label "_15007_" from metal1 to via1 in cell picorv32_base.
Moving label "_15147_" from metal1 to viali in cell picorv32_base.
Moving label "_15160_" from metal1 to viali in cell picorv32_base.
Moving label "_15210_" from metal2 to via2 in cell picorv32_base.
Moving label "_15215_" from metal1 to via1 in cell picorv32_base.
Moving label "_15223_" from metal1 to viali in cell picorv32_base.
Moving label "_15239_" from metal2 to via2 in cell picorv32_base.
Moving label "_15282_" from metal1 to viali in cell picorv32_base.
Moving label "_15365_" from metal1 to via1 in cell picorv32_base.
Moving label "_15418_" from metal1 to via1 in cell picorv32_base.
Moving label "_15422_" from metal2 to via2 in cell picorv32_base.
Moving label "_15423_" from metal2 to via2 in cell picorv32_base.
Moving label "_15430_" from metal1 to via1 in cell picorv32_base.
Moving label "_15455_" from metal1 to via1 in cell picorv32_base.
Moving label "_15463_" from metal2 to via2 in cell picorv32_base.
Moving label "_15488_" from metal1 to via1 in cell picorv32_base.
Moving label "_15521_" from metal2 to via2 in cell picorv32_base.
Moving label "_15578_" from metal1 to via1 in cell picorv32_base.
Moving label "_15584_" from metal1 to via1 in cell picorv32_base.
Moving label "_15730_" from metal1 to viali in cell picorv32_base.
Moving label "_15738_" from metal1 to via1 in cell picorv32_base.
Moving label "_15758_" from metal2 to via1 in cell picorv32_base.
Moving label "_15764_" from metal2 to via2 in cell picorv32_base.
Moving label "_15809_" from metal1 to via1 in cell picorv32_base.
Moving label "_15856_" from metal1 to viali in cell picorv32_base.
Moving label "_15890_" from metal1 to via1 in cell picorv32_base.
Moving label "_15958_" from metal1 to viali in cell picorv32_base.
Moving label "_16124_" from metal1 to viali in cell picorv32_base.
Moving label "_16337_" from metal1 to viali in cell picorv32_base.
Moving label "_16373_" from metal3 to via3 in cell picorv32_base.
Moving label "_16453_" from metal1 to viali in cell picorv32_base.
Moving label "_16502_" from metal2 to via1 in cell picorv32_base.
Moving label "_16555_" from metal2 to via1 in cell picorv32_base.
Moving label "_16588_" from metal3 to via3 in cell picorv32_base.
Moving label "_16593_" from metal2 to via1 in cell picorv32_base.
Moving label "_16609_" from metal1 to via1 in cell picorv32_base.
Moving label "_16615_" from metal2 to via1 in cell picorv32_base.
Moving label "_16625_" from metal1 to viali in cell picorv32_base.
Moving label "_16702_" from metal1 to via1 in cell picorv32_base.
Moving label "_16705_" from metal1 to via1 in cell picorv32_base.
Moving label "_16726_" from metal1 to via1 in cell picorv32_base.
Moving label "alu_ltu" from metal1 to via1 in cell picorv32_base.
Moving label "alu_out\[28\]" from metal1 to via1 in cell picorv32_base.
Moving label "alu_out_q\[0\]" from metal2 to via2 in cell picorv32_base.
Moving label "alu_out_q\[13\]" from metal2 to via2 in cell picorv32_base.
Moving label "alu_out_q\[15\]" from metal2 to via2 in cell picorv32_base.
Moving label "alu_out_q\[25\]" from metal2 to via2 in cell picorv32_base.
Moving label "alu_out_q\[26\]" from metal2 to via2 in cell picorv32_base.
Moving label "alu_out_q\[27\]" from metal2 to via2 in cell picorv32_base.
Moving label "alu_out_q\[28\]" from metal2 to via2 in cell picorv32_base.
Moving label "alu_out_q\[30\]" from metal2 to via2 in cell picorv32_base.
Moving label "alu_out_q\[3\]" from metal2 to via2 in cell picorv32_base.
Moving label "alu_out_q\[4\]" from metal2 to via2 in cell picorv32_base.
Moving label "alu_out_q\[6\]" from metal2 to via2 in cell picorv32_base.
Moving label "alu_out_q\[8\]" from metal2 to via2 in cell picorv32_base.
Moving label "clknet_0_clk" from metal2 to via2 in cell picorv32_base.
Moving label "clknet_2_2_0_clk" from metal2 to via2 in cell picorv32_base.
Moving label "count_cycle\[18\]" from metal1 to via1 in cell picorv32_base.
Moving label "count_cycle\[2\]" from metal1 to viali in cell picorv32_base.
Moving label "count_cycle\[9\]" from metal1 to viali in cell picorv32_base.
Moving label "count_instr\[23\]" from metal2 to via2 in cell picorv32_base.
Moving label "cpu_state\[1\]" from metal1 to viali in cell picorv32_base.
Moving label "cpuregs.raddr1\[2\]" from metal2 to via2 in cell picorv32_base.
Moving label "cpuregs.regs\[0\]\[10\]" from metal2 to via1 in cell picorv32_base.
Moving label "cpuregs.regs\[0\]\[15\]" from metal2 to via1 in cell picorv32_base.
Moving label "cpuregs.regs\[0\]\[25\]" from metal2 to via2 in cell picorv32_base.
Moving label "cpuregs.regs\[12\]\[26\]" from metal1 to viali in cell picorv32_base.
Moving label "cpuregs.regs\[13\]\[22\]" from metal1 to via1 in cell picorv32_base.
Moving label "cpuregs.regs\[13\]\[6\]" from metal2 to via2 in cell picorv32_base.
Moving label "cpuregs.regs\[14\]\[4\]" from metal2 to via1 in cell picorv32_base.
Moving label "cpuregs.regs\[16\]\[1\]" from metal2 to via2 in cell picorv32_base.
Moving label "cpuregs.regs\[16\]\[26\]" from metal1 to viali in cell picorv32_base.
Moving label "cpuregs.regs\[16\]\[6\]" from metal2 to via1 in cell picorv32_base.
Moving label "cpuregs.regs\[17\]\[16\]" from metal1 to via1 in cell picorv32_base.
Moving label "cpuregs.regs\[17\]\[17\]" from metal1 to via1 in cell picorv32_base.
Moving label "cpuregs.regs\[17\]\[20\]" from metal1 to via1 in cell picorv32_base.
Moving label "cpuregs.regs\[17\]\[22\]" from metal1 to via1 in cell picorv32_base.
Moving label "cpuregs.regs\[17\]\[23\]" from metal1 to via1 in cell picorv32_base.
Moving label "cpuregs.regs\[17\]\[6\]" from metal1 to via1 in cell picorv32_base.
Moving label "cpuregs.regs\[1\]\[18\]" from metal1 to via1 in cell picorv32_base.
Moving label "cpuregs.regs\[1\]\[23\]" from metal1 to via1 in cell picorv32_base.
Moving label "cpuregs.regs\[1\]\[24\]" from metal1 to via1 in cell picorv32_base.
Moving label "cpuregs.regs\[21\]\[16\]" from metal1 to via1 in cell picorv32_base.
Moving label "cpuregs.regs\[21\]\[17\]" from metal1 to via1 in cell picorv32_base.
Moving label "cpuregs.regs\[21\]\[28\]" from metal1 to via1 in cell picorv32_base.
Moving label "cpuregs.regs\[21\]\[2\]" from metal1 to via1 in cell picorv32_base.
Moving label "cpuregs.regs\[21\]\[6\]" from metal1 to via1 in cell picorv32_base.
Moving label "cpuregs.regs\[22\]\[4\]" from metal1 to via1 in cell picorv32_base.
Moving label "cpuregs.regs\[24\]\[25\]" from metal2 to via1 in cell picorv32_base.
Moving label "cpuregs.regs\[24\]\[9\]" from metal1 to via1 in cell picorv32_base.
Moving label "cpuregs.regs\[25\]\[16\]" from metal1 to via1 in cell picorv32_base.
Moving label "cpuregs.regs\[25\]\[18\]" from metal1 to via1 in cell picorv32_base.
Moving label "cpuregs.regs\[25\]\[29\]" from metal1 to via1 in cell picorv32_base.
Moving label "cpuregs.regs\[25\]\[8\]" from metal1 to via1 in cell picorv32_base.
Moving label "cpuregs.regs\[28\]\[28\]" from metal1 to via1 in cell picorv32_base.
Moving label "cpuregs.regs\[29\]\[10\]" from metal1 to via1 in cell picorv32_base.
Moving label "cpuregs.regs\[29\]\[3\]" from metal1 to via1 in cell picorv32_base.
Moving label "cpuregs.regs\[2\]\[1\]" from metal2 to via1 in cell picorv32_base.
Moving label "cpuregs.regs\[30\]\[13\]" from metal1 to viali in cell picorv32_base.
Moving label "cpuregs.regs\[4\]\[30\]" from metal1 to via1 in cell picorv32_base.
Moving label "cpuregs.regs\[5\]\[21\]" from metal1 to via1 in cell picorv32_base.
Moving label "cpuregs.regs\[5\]\[23\]" from metal1 to via1 in cell picorv32_base.
Moving label "cpuregs.regs\[5\]\[24\]" from metal1 to via1 in cell picorv32_base.
Moving label "cpuregs.regs\[9\]\[12\]" from metal1 to via1 in cell picorv32_base.
Moving label "cpuregs.regs\[9\]\[21\]" from metal1 to via1 in cell picorv32_base.
Moving label "cpuregs.regs\[9\]\[27\]" from metal1 to via1 in cell picorv32_base.
Moving label "cpuregs.regs\[9\]\[8\]" from metal1 to via1 in cell picorv32_base.
Moving label "decoded_imm\[11\]" from metal2 to via1 in cell picorv32_base.
Moving label "decoded_imm_j\[2\]" from metal1 to via1 in cell picorv32_base.
Moving label "decoded_imm_j\[3\]" from metal1 to via1 in cell picorv32_base.
Moving label "decoded_imm_j\[5\]" from metal1 to via1 in cell picorv32_base.
Moving label "genblk1.pcpi_mul.rd\[31\]" from metal2 to via1 in cell picorv32_base.
Moving label "genblk1.pcpi_mul.rd\[44\]" from metal2 to via2 in cell picorv32_base.
Moving label "genblk1.pcpi_mul.rd\[53\]" from metal2 to via2 in cell picorv32_base.
Moving label "genblk1.pcpi_mul.rs1\[24\]" from metal3 to via3 in cell picorv32_base.
Moving label "genblk1.pcpi_mul.rs1\[25\]" from metal3 to via3 in cell picorv32_base.
Moving label "genblk1.pcpi_mul.rs2\[24\]" from metal3 to via3 in cell picorv32_base.
Moving label "genblk1.pcpi_mul.rs2\[26\]" from metal3 to via3 in cell picorv32_base.
Moving label "genblk1.pcpi_mul.rs2\[28\]" from metal3 to via3 in cell picorv32_base.
Moving label "genblk2.pcpi_div.pcpi_rd\[24\]" from metal1 to via1 in cell picorv32_base.
Moving label "instr_srai" from metal2 to via2 in cell picorv32_base.
Moving label "instr_sw" from metal1 to viali in cell picorv32_base.
Moving label "irq_pending\[24\]" from metal3 to via3 in cell picorv32_base.
Moving label "irq_pending\[26\]" from metal2 to via2 in cell picorv32_base.
Moving label "latched_compr" from metal2 to via1 in cell picorv32_base.
Moving label "mem_16bit_buffer\[9\]" from metal2 to via2 in cell picorv32_base.
Moving label "mem_addr[27]" from metal2 to via2 in cell picorv32_base.
Moving label "mem_la_secondword" from metal1 to viali in cell picorv32_base.
Moving label "mem_la_wdata[16]" from metal2 to via2 in cell picorv32_base.
Moving label "mem_la_wdata[17]" from metal2 to via2 in cell picorv32_base.
Moving label "mem_la_wdata[25]" from metal2 to via2 in cell picorv32_base.
Moving label "mem_la_wdata[28]" from metal2 to via2 in cell picorv32_base.
Moving label "mem_rdata_q\[10\]" from metal3 to via3 in cell picorv32_base.
Moving label "mem_rdata_q\[17\]" from metal2 to via2 in cell picorv32_base.
Moving label "mem_rdata_q\[29\]" from metal1 to via1 in cell picorv32_base.
Moving label "mem_rdata_q\[9\]" from metal1 to via1 in cell picorv32_base.
Moving label "mem_wdata[11]" from metal2 to via2 in cell picorv32_base.
Moving label "mem_wdata[12]" from metal2 to via2 in cell picorv32_base.
Moving label "mem_wdata[16]" from metal2 to via2 in cell picorv32_base.
Moving label "mem_wdata[18]" from metal2 to via2 in cell picorv32_base.
Moving label "mem_wdata[19]" from metal2 to via2 in cell picorv32_base.
Moving label "mem_wdata[25]" from metal2 to via2 in cell picorv32_base.
Moving label "mem_wdata[26]" from metal2 to via2 in cell picorv32_base.
Moving label "mem_wdata[2]" from metal2 to via2 in cell picorv32_base.
Moving label "mem_wdata[5]" from metal2 to via2 in cell picorv32_base.
Moving label "mem_wdata[8]" from metal2 to via2 in cell picorv32_base.
Moving label "net138" from metal2 to via2 in cell picorv32_base.
Moving label "net139" from metal2 to via2 in cell picorv32_base.
Moving label "net141" from metal2 to via2 in cell picorv32_base.
Moving label "net143" from metal2 to via2 in cell picorv32_base.
Moving label "net148" from metal2 to via2 in cell picorv32_base.
Moving label "net150" from metal2 to via2 in cell picorv32_base.
Moving label "net153" from metal2 to via2 in cell picorv32_base.
Moving label "net158" from metal2 to via2 in cell picorv32_base.
Moving label "net162" from metal2 to via2 in cell picorv32_base.
Moving label "net166" from metal2 to via2 in cell picorv32_base.
Moving label "net167" from metal2 to via2 in cell picorv32_base.
Moving label "net168" from metal2 to via2 in cell picorv32_base.
Moving label "net173" from metal2 to via2 in cell picorv32_base.
Moving label "net175" from metal2 to via2 in cell picorv32_base.
Moving label "net177" from metal2 to via2 in cell picorv32_base.
Moving label "net180" from metal2 to via2 in cell picorv32_base.
Moving label "net182" from metal2 to via2 in cell picorv32_base.
Moving label "net188" from metal2 to via2 in cell picorv32_base.
Moving label "net193" from metal2 to via2 in cell picorv32_base.
Moving label "net200" from metal2 to via2 in cell picorv32_base.
Moving label "net216" from metal2 to via2 in cell picorv32_base.
Moving label "net220" from metal2 to via2 in cell picorv32_base.
Moving label "net227" from metal2 to via2 in cell picorv32_base.
Moving label "net230" from metal2 to via2 in cell picorv32_base.
Moving label "net260" from metal2 to via2 in cell picorv32_base.
Moving label "net264" from metal2 to via2 in cell picorv32_base.
Moving label "net311" from metal2 to via2 in cell picorv32_base.
Moving label "net322" from metal3 to via3 in cell picorv32_base.
Moving label "net332" from metal2 to via2 in cell picorv32_base.
Moving label "net335" from metal2 to via2 in cell picorv32_base.
Moving label "net36" from metal2 to via2 in cell picorv32_base.
Moving label "net361" from metal2 to via2 in cell picorv32_base.
Moving label "net365" from metal2 to via2 in cell picorv32_base.
Moving label "net366" from metal2 to via2 in cell picorv32_base.
Moving label "net425" from metal2 to via1 in cell picorv32_base.
Moving label "net456" from metal2 to via2 in cell picorv32_base.
Moving label "net47" from metal2 to via2 in cell picorv32_base.
Moving label "net49" from metal2 to via2 in cell picorv32_base.
Moving label "net502" from metal1 to via1 in cell picorv32_base.
Moving label "net55" from metal3 to via3 in cell picorv32_base.
Moving label "net559" from metal2 to via1 in cell picorv32_base.
Moving label "net56" from metal1 to via1 in cell picorv32_base.
Moving label "net57" from metal2 to via2 in cell picorv32_base.
Moving label "net82" from metal3 to via3 in cell picorv32_base.
Moving label "net84" from metal3 to via3 in cell picorv32_base.
Moving label "pcpi_rs2[15]" from metal2 to via2 in cell picorv32_base.
Moving label "pcpi_rs2[19]" from metal2 to via2 in cell picorv32_base.
Moving label "pcpi_rs2[20]" from metal2 to via2 in cell picorv32_base.
Moving label "pcpi_rs2[24]" from metal2 to via2 in cell picorv32_base.
Moving label "pcpi_rs2[25]" from metal2 to via2 in cell picorv32_base.
Moving label "pcpi_rs2[27]" from metal2 to via2 in cell picorv32_base.
Moving label "reg_next_pc\[16\]" from metal2 to via1 in cell picorv32_base.
Moving label "reg_next_pc\[6\]" from metal1 to viali in cell picorv32_base.
Moving label "reg_next_pc\[9\]" from metal1 to viali in cell picorv32_base.
Moving label "reg_pc\[30\]" from metal2 to via2 in cell picorv32_base.
Root cell box:
           width x height  (   llx,  lly  ), (   urx,  ury  )  area (units^2)

microns:  671.845 x 682.565  ( 0.000,  0.000), ( 671.845,  682.565)  458577.844
lambda:   67184.50 x 68256.50  (  0.00,  0.00 ), ( 67184.50,  68256.50)  4585778688.00
internal: 134369 x 136513  (     0,  0    ), ( 134369,  136513)  18343115297
   Generating output for cell sky130_fd_sc_hd__conb_1
   Generating output for cell sky130_fd_sc_hd__decap_3
   Generating output for cell sky130_fd_sc_hd__decap_4
   Generating output for cell sky130_ef_sc_hd__decap_12
   Generating output for cell sky130_fd_sc_hd__tapvpwrvgnd_1
   Generating output for cell sky130_fd_sc_hd__fill_2
   Generating output for cell sky130_fd_sc_hd__fill_1
   Generating output for cell sky130_fd_sc_hd__decap_8
   Generating output for cell sky130_fd_sc_hd__mux2_1
   Generating output for cell sky130_fd_sc_hd__decap_6
   Generating output for cell sky130_fd_sc_hd__dfxtp_1
   Generating output for cell sky130_fd_sc_hd__clkbuf_1
   Generating output for cell sky130_fd_sc_hd__diode_2
   Generating output for cell sky130_fd_sc_hd__clkbuf_4
   Generating output for cell sky130_fd_sc_hd__xor2_4
   Generating output for cell sky130_fd_sc_hd__xnor2_4
   Generating output for cell sky130_fd_sc_hd__or2b_1
   Generating output for cell sky130_fd_sc_hd__or4_1
   Generating output for cell sky130_fd_sc_hd__nor2_1
   Generating output for cell sky130_fd_sc_hd__or2_2
   Generating output for cell sky130_fd_sc_hd__o21bai_2
   Generating output for cell sky130_fd_sc_hd__and3b_2
   Generating output for cell sky130_fd_sc_hd__o22a_1
   Generating output for cell sky130_fd_sc_hd__o21ai_1
   Generating output for cell sky130_fd_sc_hd__nand2b_2
   Generating output for cell sky130_fd_sc_hd__a211oi_1
   Generating output for cell sky130_fd_sc_hd__o211a_1
   Generating output for cell sky130_fd_sc_hd__or3_1
   Generating output for cell sky130_fd_sc_hd__nor3_1
   Generating output for cell sky130_fd_sc_hd__o211ai_1
   Generating output for cell sky130_fd_sc_hd__and2b_1
   Generating output for cell sky130_fd_sc_hd__nand2_1
   Generating output for cell sky130_fd_sc_hd__nand3_1
   Generating output for cell sky130_fd_sc_hd__a21o_1
   Generating output for cell sky130_fd_sc_hd__inv_2
   Generating output for cell sky130_fd_sc_hd__xnor2_1
   Generating output for cell sky130_fd_sc_hd__nor2_2
   Generating output for cell sky130_fd_sc_hd__and2_1
   Generating output for cell sky130_fd_sc_hd__a21oi_2
   Generating output for cell sky130_fd_sc_hd__nand2_2
   Generating output for cell sky130_fd_sc_hd__a2111o_4
   Generating output for cell sky130_fd_sc_hd__or3b_1
   Generating output for cell sky130_fd_sc_hd__o2111ai_1
   Generating output for cell sky130_fd_sc_hd__o21a_2
   Generating output for cell sky130_fd_sc_hd__o21bai_4
   Generating output for cell sky130_fd_sc_hd__o21ai_4
   Generating output for cell sky130_fd_sc_hd__or2_1
   Generating output for cell sky130_fd_sc_hd__a21bo_1
   Generating output for cell sky130_fd_sc_hd__a21oi_1
   Generating output for cell sky130_fd_sc_hd__o221a_1
   Generating output for cell sky130_fd_sc_hd__a21o_2
   Generating output for cell sky130_fd_sc_hd__o211a_2
   Generating output for cell sky130_fd_sc_hd__xnor2_2
   Generating output for cell sky130_fd_sc_hd__o31ai_4
   Generating output for cell sky130_fd_sc_hd__nor2_4
   Generating output for cell sky130_fd_sc_hd__a211o_1
   Generating output for cell sky130_fd_sc_hd__and2b_2
   Generating output for cell sky130_fd_sc_hd__nand3_2
   Generating output for cell sky130_fd_sc_hd__a22o_1
   Generating output for cell sky130_fd_sc_hd__a211oi_4
   Generating output for cell sky130_fd_sc_hd__nor4_1
   Generating output for cell sky130_fd_sc_hd__dlymetal6s2s_1
   Generating output for cell sky130_fd_sc_hd__a211oi_2
   Generating output for cell sky130_fd_sc_hd__and3_1
   Generating output for cell sky130_fd_sc_hd__clkbuf_8
   Generating output for cell sky130_fd_sc_hd__mux4_1
   Generating output for cell sky130_fd_sc_hd__nand4_4
   Generating output for cell sky130_fd_sc_hd__o211ai_4
   Generating output for cell sky130_fd_sc_hd__a2bb2o_1
   Generating output for cell sky130_fd_sc_hd__buf_1
   Generating output for cell sky130_fd_sc_hd__a21oi_4
   Generating output for cell sky130_fd_sc_hd__clkbuf_16
   Generating output for cell sky130_fd_sc_hd__o21a_1
   Generating output for cell sky130_fd_sc_hd__or4bb_4
   Generating output for cell sky130_fd_sc_hd__xor2_1
   Generating output for cell sky130_fd_sc_hd__buf_8
   Generating output for cell sky130_fd_sc_hd__or2b_2
   Generating output for cell sky130_fd_sc_hd__o21ba_1
   Generating output for cell sky130_fd_sc_hd__nand4_1
   Generating output for cell sky130_fd_sc_hd__and4_1
   Generating output for cell sky130_fd_sc_hd__a211o_4
   Generating output for cell sky130_fd_sc_hd__o211ai_2
   Generating output for cell sky130_fd_sc_hd__and4_2
   Generating output for cell sky130_fd_sc_hd__a22oi_2
   Generating output for cell sky130_fd_sc_hd__nor4_2
   Generating output for cell sky130_fd_sc_hd__or4bb_1
   Generating output for cell sky130_fd_sc_hd__xor2_2
   Generating output for cell sky130_fd_sc_hd__or3_2
   Generating output for cell sky130_fd_sc_hd__buf_6
   Generating output for cell sky130_fd_sc_hd__nand4_2
   Generating output for cell sky130_fd_sc_hd__o21ba_2
   Generating output for cell sky130_fd_sc_hd__a21boi_1
   Generating output for cell sky130_fd_sc_hd__and3_2
   Generating output for cell sky130_fd_sc_hd__a21boi_2
   Generating output for cell sky130_fd_sc_hd__buf_2
   Generating output for cell sky130_fd_sc_hd__or4_2
   Generating output for cell sky130_fd_sc_hd__nor3_2
   Generating output for cell sky130_fd_sc_hd__clkbuf_2
   Generating output for cell sky130_fd_sc_hd__or4bb_2
   Generating output for cell sky130_fd_sc_hd__buf_12
   Generating output for cell sky130_fd_sc_hd__a31o_1
   Generating output for cell sky130_fd_sc_hd__or3_4
   Generating output for cell sky130_fd_sc_hd__o21ai_2
   Generating output for cell sky130_fd_sc_hd__nand3_4
   Generating output for cell sky130_fd_sc_hd__buf_4
   Generating output for cell sky130_fd_sc_hd__a221o_1
   Generating output for cell sky130_fd_sc_hd__or4_4
   Generating output for cell sky130_fd_sc_hd__a21bo_2
   Generating output for cell sky130_fd_sc_hd__a21boi_4
   Generating output for cell sky130_fd_sc_hd__o22a_2
   Generating output for cell sky130_fd_sc_hd__a211o_2
   Generating output for cell sky130_fd_sc_hd__nor3b_1
   Generating output for cell sky130_fd_sc_hd__o22a_4
   Generating output for cell sky130_fd_sc_hd__nand3b_1
   Generating output for cell sky130_fd_sc_hd__and2_2
   Generating output for cell sky130_fd_sc_hd__nor2_8
   Generating output for cell sky130_fd_sc_hd__o21bai_1
   Generating output for cell sky130_fd_sc_hd__a21o_4
   Generating output for cell sky130_fd_sc_hd__a32o_1
   Generating output for cell sky130_fd_sc_hd__nand3b_2
   Generating output for cell sky130_fd_sc_hd__or3b_4
   Generating output for cell sky130_fd_sc_hd__a31o_4
   Generating output for cell sky130_fd_sc_hd__or2_4
   Generating output for cell sky130_fd_sc_hd__and3b_1
   Generating output for cell sky130_fd_sc_hd__o22ai_1
   Generating output for cell sky130_fd_sc_hd__o211a_4
   Generating output for cell sky130_fd_sc_hd__a22oi_1
   Generating output for cell sky130_fd_sc_hd__nand2_8
   Generating output for cell sky130_fd_sc_hd__a31o_2
   Generating output for cell sky130_fd_sc_hd__and4bb_1
   Generating output for cell sky130_fd_sc_hd__a31oi_2
   Generating output for cell sky130_fd_sc_hd__o2bb2a_1
   Generating output for cell sky130_fd_sc_hd__nand2_4
   Generating output for cell sky130_fd_sc_hd__a221oi_4
   Generating output for cell sky130_fd_sc_hd__a221oi_1
   Generating output for cell sky130_fd_sc_hd__and2_4
   Generating output for cell sky130_fd_sc_hd__dfxtp_2
   Generating output for cell sky130_fd_sc_hd__nor3b_2
   Generating output for cell sky130_fd_sc_hd__mux4_2
   Generating output for cell sky130_fd_sc_hd__a22oi_4
   Generating output for cell sky130_fd_sc_hd__o31a_4
   Generating output for cell sky130_fd_sc_hd__o31a_2
   Generating output for cell sky130_fd_sc_hd__nor3_4
   Generating output for cell sky130_fd_sc_hd__or4b_1
   Generating output for cell sky130_fd_sc_hd__inv_4
   Generating output for cell sky130_fd_sc_hd__and4bb_2
   Generating output for cell sky130_fd_sc_hd__o32a_1
   Generating output for cell sky130_fd_sc_hd__a311o_2
   Generating output for cell sky130_fd_sc_hd__and4_4
   Generating output for cell sky130_fd_sc_hd__a32o_2
   Generating output for cell sky130_fd_sc_hd__a22o_2
   Generating output for cell sky130_fd_sc_hd__nand3b_4
   Generating output for cell sky130_fd_sc_hd__and4bb_4
   Generating output for cell sky130_fd_sc_hd__a31oi_4
   Generating output for cell sky130_fd_sc_hd__mux2_2
   Generating output for cell sky130_fd_sc_hd__clkinv_4
   Generating output for cell sky130_fd_sc_hd__dfxtp_4
   Generating output for cell sky130_fd_sc_hd__inv_6
   Generating output for cell sky130_fd_sc_hd__o31a_1
   Generating output for cell sky130_fd_sc_hd__and4b_1
   Generating output for cell sky130_fd_sc_hd__o311ai_4
   Generating output for cell sky130_fd_sc_hd__a22o_4
   Generating output for cell sky130_fd_sc_hd__o2111a_4
   Generating output for cell sky130_fd_sc_hd__nor2b_2
   Generating output for cell sky130_fd_sc_hd__dlygate4sd3_1
   Generating output for cell sky130_fd_sc_hd__clkinv_8
   Generating output for cell sky130_fd_sc_hd__a311o_1
   Generating output for cell sky130_fd_sc_hd__a311oi_4
   Generating output for cell sky130_fd_sc_hd__a2111o_1
   Generating output for cell sky130_fd_sc_hd__or3b_2
   Generating output for cell sky130_fd_sc_hd__o31ai_1
   Generating output for cell sky130_fd_sc_hd__a41o_1
   Generating output for cell sky130_fd_sc_hd__o311a_1
   Generating output for cell sky130_fd_sc_hd__o41a_2
   Generating output for cell sky130_fd_sc_hd__o311a_2
   Generating output for cell sky130_fd_sc_hd__o41a_1
   Generating output for cell sky130_fd_sc_hd__o31ai_2
   Generating output for cell sky130_fd_sc_hd__and2b_4
   Generating output for cell sky130_fd_sc_hd__o221ai_1
   Generating output for cell sky130_fd_sc_hd__a31oi_1
   Generating output for cell sky130_fd_sc_hd__a2111o_2
   Generating output for cell sky130_fd_sc_hd__and4b_4
   Generating output for cell sky130_fd_sc_hd__a221o_2
   Generating output for cell sky130_fd_sc_hd__o2111ai_4
   Generating output for cell sky130_fd_sc_hd__a2111oi_1
   Generating output for cell sky130_fd_sc_hd__and4b_2
   Generating output for cell sky130_fd_sc_hd__or4b_4
   Generating output for cell sky130_fd_sc_hd__o32ai_2
   Generating output for cell sky130_fd_sc_hd__o22ai_2
   Generating output for cell sky130_fd_sc_hd__nor2b_4
   Generating output for cell sky130_fd_sc_hd__o2111a_1
   Generating output for cell sky130_fd_sc_hd__a2bb2o_2
   Generating output for cell sky130_fd_sc_hd__mux2_4
   Generating output for cell sky130_fd_sc_hd__a2111oi_4
   Generating output for cell sky130_fd_sc_hd__nand2b_4
   Generating output for cell sky130_fd_sc_hd__or4b_2
   Generating output for cell sky130_fd_sc_hd__nor2b_1
   Generating output for cell picorv32_base
[INFO]: GDS Write Complete
