Fri Jan 19 10:14:25 UTC 2024 - Executing "{openroad -exit -no_init -python /openlane/scripts/odbpy/lefutil.py get_metal_layers -o /openlane/designs/designs/ci/picorv32_base/runs/RUN_2024.01.19_10.14.24/tmp/layers.list /home/vignesh/.volare/sky130A/libs.ref/sky130_fd_sc_hd/techlef/sky130_fd_sc_hd__nom.tlef}"

Fri Jan 19 10:14:25 UTC 2024 - Executing "{/openlane/scripts/mergeLef.py -o /openlane/designs/designs/ci/picorv32_base/runs/RUN_2024.01.19_10.14.24/tmp/merged.nom.lef -i /home/vignesh/.volare/sky130A/libs.ref/sky130_fd_sc_hd/techlef/sky130_fd_sc_hd__nom.tlef {/home/vignesh/.volare/sky130A/libs.ref/sky130_fd_sc_hd/lef/sky130_fd_sc_hd.lef /home/vignesh/.volare/sky130A/libs.ref/sky130_fd_sc_hd/lef/sky130_ef_sc_hd.lef} |& tee /dev/null}"

Fri Jan 19 10:14:25 UTC 2024 - Executing "{/openlane/scripts/mergeLef.py -o /openlane/designs/designs/ci/picorv32_base/runs/RUN_2024.01.19_10.14.24/tmp/merged.min.lef -i /home/vignesh/.volare/sky130A/libs.ref/sky130_fd_sc_hd/techlef/sky130_fd_sc_hd__min.tlef {/home/vignesh/.volare/sky130A/libs.ref/sky130_fd_sc_hd/lef/sky130_fd_sc_hd.lef /home/vignesh/.volare/sky130A/libs.ref/sky130_fd_sc_hd/lef/sky130_ef_sc_hd.lef} |& tee /dev/null}"

Fri Jan 19 10:14:25 UTC 2024 - Executing "{/openlane/scripts/mergeLef.py -o /openlane/designs/designs/ci/picorv32_base/runs/RUN_2024.01.19_10.14.24/tmp/merged.max.lef -i /home/vignesh/.volare/sky130A/libs.ref/sky130_fd_sc_hd/techlef/sky130_fd_sc_hd__max.tlef {/home/vignesh/.volare/sky130A/libs.ref/sky130_fd_sc_hd/lef/sky130_fd_sc_hd.lef /home/vignesh/.volare/sky130A/libs.ref/sky130_fd_sc_hd/lef/sky130_ef_sc_hd.lef} |& tee /dev/null}"

Fri Jan 19 10:14:25 UTC 2024 - Executing "{python3 /openlane/scripts/mergeLib.py --output /openlane/designs/designs/ci/picorv32_base/runs/RUN_2024.01.19_10.14.24/tmp/synthesis/merged.lib --name sky130A_merged /home/vignesh/.volare/sky130A/libs.ref/sky130_fd_sc_hd/lib/sky130_fd_sc_hd__tt_025C_1v80.lib}"

Fri Jan 19 10:14:25 UTC 2024 - Executing "{python3 /openlane/scripts/libtrim.py --cell-file /openlane/designs/designs/ci/picorv32_base/runs/RUN_2024.01.19_10.14.24/tmp/synthesis/trimmed.lib.exclude.list --output /openlane/designs/designs/ci/picorv32_base/runs/RUN_2024.01.19_10.14.24/tmp/synthesis/trimmed.lib /openlane/designs/designs/ci/picorv32_base/runs/RUN_2024.01.19_10.14.24/tmp/synthesis/merged.lib}"

Fri Jan 19 10:14:26 UTC 2024 - Executing "{python3 /openlane/scripts/libtrim.py --cell-file /openlane/designs/designs/ci/picorv32_base/runs/RUN_2024.01.19_10.14.24/tmp/cts/cts.lib.exclude.list --output /openlane/designs/designs/ci/picorv32_base/runs/RUN_2024.01.19_10.14.24/tmp/cts/cts.lib /home/vignesh/.volare/sky130A/libs.ref/sky130_fd_sc_hd/lib/sky130_fd_sc_hd__tt_025C_1v80.lib}"

Fri Jan 19 10:14:26 UTC 2024 - Executing "{python3 /openlane/scripts/libtrim.py --cell-file /openlane/designs/designs/ci/picorv32_base/runs/RUN_2024.01.19_10.14.24/tmp/cts/cts-fastest.lib.exclude.list --output /openlane/designs/designs/ci/picorv32_base/runs/RUN_2024.01.19_10.14.24/tmp/cts/cts-fastest.lib /home/vignesh/.volare/sky130A/libs.ref/sky130_fd_sc_hd/lib/sky130_fd_sc_hd__ff_n40C_1v95.lib}"

Fri Jan 19 10:14:28 UTC 2024 - Executing "{python3 /openlane/scripts/libtrim.py --cell-file /openlane/designs/designs/ci/picorv32_base/runs/RUN_2024.01.19_10.14.24/tmp/cts/cts-slowest.lib.exclude.list --output /openlane/designs/designs/ci/picorv32_base/runs/RUN_2024.01.19_10.14.24/tmp/cts/cts-slowest.lib /home/vignesh/.volare/sky130A/libs.ref/sky130_fd_sc_hd/lib/sky130_fd_sc_hd__ss_100C_1v60.lib}"

Fri Jan 19 10:14:29 UTC 2024 - Executing "{python3 /openlane/scripts/new_tracks.py -i /home/vignesh/.volare/sky130A/libs.tech/openlane/sky130_fd_sc_hd/tracks.info -o /openlane/designs/designs/ci/picorv32_base/runs/RUN_2024.01.19_10.14.24/tmp/routing/config.tracks}"

Fri Jan 19 10:14:29 UTC 2024 - Executing "{echo {OpenLane 9dbd8b5ea2bd891bed4dcc97df5c7439083f0368} > /openlane/designs/designs/ci/picorv32_base/runs/RUN_2024.01.19_10.14.24/OPENLANE_VERSION}"

Fri Jan 19 10:14:29 UTC 2024 - Executing "{yosys -c /openlane/scripts/yosys/blackbox.tcl}"

Fri Jan 19 10:14:29 UTC 2024 - Executing "{verilator -Wall --lint-only --Wno-DECLFILENAME --top-module picorv32_base /openlane/designs/designs/ci/picorv32_base/runs/RUN_2024.01.19_10.14.24/tmp/synthesis/blackbox/sky130_fd_sc_hd__blackbox.v /openlane/designs/designs/ci/picorv32_base/src/picorv32_base.v -Wno-fatal --relative-includes |& tee /openlane/designs/designs/ci/picorv32_base/runs/RUN_2024.01.19_10.14.24/logs/synthesis/linter.log /dev/null}"

Fri Jan 19 10:14:30 UTC 2024 - Executing "{sed -E {s/^([[:space:]]+)pg_pin(.*)/\1pin\2\n\1    direction : "inout";/g} /home/vignesh/.volare/sky130A/libs.ref/sky130_fd_sc_hd/lib/sky130_fd_sc_hd__tt_025C_1v80.lib > /openlane/designs/designs/ci/picorv32_base/runs/RUN_2024.01.19_10.14.24/tmp/synthesis/1-sky130_fd_sc_hd__tt_025C_1v80.no_pg.lib}"

Fri Jan 19 10:14:30 UTC 2024 - Executing "{sed -E {s/^([[:space:]]+)pg_pin(.*)/\1pin\2\n\1    direction : "inout";/g} /openlane/designs/designs/ci/picorv32_base/runs/RUN_2024.01.19_10.14.24/tmp/synthesis/trimmed.lib > /openlane/designs/designs/ci/picorv32_base/runs/RUN_2024.01.19_10.14.24/tmp/synthesis/1-trimmed.no_pg.lib}"

Fri Jan 19 10:14:30 UTC 2024 - Executing "yosys -c /openlane/scripts/yosys/synth.tcl |& tee /dev/null /openlane/designs/designs/ci/picorv32_base/runs/RUN_2024.01.19_10.14.24/logs/synthesis/1-synthesis.log"

Fri Jan 19 10:14:30 UTC 2024 - Executing "{yosys -c /openlane/scripts/yosys/synth.tcl |& tee /dev/null /openlane/designs/designs/ci/picorv32_base/runs/RUN_2024.01.19_10.14.24/logs/synthesis/1-synthesis.log}"

Fri Jan 19 10:15:19 UTC 2024 - Executing "{sed -i.bak -e {s/\(set ::env(CURRENT_NETLIST)\).*/\1 \/openlane\/designs\/designs\/ci\/picorv32_base\/runs\/RUN_2024.01.19_10.14.24\/results\/synthesis\/picorv32_base.v/} /openlane/designs/designs/ci/picorv32_base/runs/RUN_2024.01.19_10.14.24/config.tcl}"

Fri Jan 19 10:15:19 UTC 2024 - Executing "{sed -i.bak /defparam/d /openlane/designs/designs/ci/picorv32_base/runs/RUN_2024.01.19_10.14.24/results/synthesis/picorv32_base.v}"

Fri Jan 19 10:15:20 UTC 2024 - Executing "sta -exit -no_init /openlane/scripts/openroad/sta/multi_corner.tcl |& tee /dev/null /openlane/designs/designs/ci/picorv32_base/runs/RUN_2024.01.19_10.14.24/logs/synthesis/2-sta.log"

Fri Jan 19 10:15:20 UTC 2024 - Executing "{sta -exit -no_init /openlane/scripts/openroad/sta/multi_corner.tcl |& tee /dev/null /openlane/designs/designs/ci/picorv32_base/runs/RUN_2024.01.19_10.14.24/logs/synthesis/2-sta.log}"

Fri Jan 19 10:15:22 UTC 2024 - Executing "openroad -exit /openlane/scripts/openroad/floorplan.tcl |& tee /dev/null /openlane/designs/designs/ci/picorv32_base/runs/RUN_2024.01.19_10.14.24/logs/floorplan/3-initial_fp.log"

Fri Jan 19 10:15:22 UTC 2024 - Executing "{openroad -exit /openlane/scripts/openroad/floorplan.tcl |& tee /dev/null /openlane/designs/designs/ci/picorv32_base/runs/RUN_2024.01.19_10.14.24/logs/floorplan/3-initial_fp.log}"

Fri Jan 19 10:15:24 UTC 2024 - Executing "{openroad -exit -no_init -python /openlane/scripts/odbpy/defutil.py extract_core_dims --output-data /openlane/designs/designs/ci/picorv32_base/runs/RUN_2024.01.19_10.14.24/tmp/dimensions.txt --input-lef /openlane/designs/designs/ci/picorv32_base/runs/RUN_2024.01.19_10.14.24/tmp/merged.nom.lef /openlane/designs/designs/ci/picorv32_base/runs/RUN_2024.01.19_10.14.24/tmp/floorplan/3-initial_fp.def}"

Fri Jan 19 10:15:24 UTC 2024 - Executing "openroad -exit /openlane/scripts/openroad/ioplacer.tcl |& tee /dev/null /openlane/designs/designs/ci/picorv32_base/runs/RUN_2024.01.19_10.14.24/logs/floorplan/4-io.log"

Fri Jan 19 10:15:24 UTC 2024 - Executing "{openroad -exit /openlane/scripts/openroad/ioplacer.tcl |& tee /dev/null /openlane/designs/designs/ci/picorv32_base/runs/RUN_2024.01.19_10.14.24/logs/floorplan/4-io.log}"

Fri Jan 19 10:15:25 UTC 2024 - Executing "openroad -exit /openlane/scripts/openroad/tapcell.tcl |& tee /dev/null /openlane/designs/designs/ci/picorv32_base/runs/RUN_2024.01.19_10.14.24/logs/floorplan/5-tap.log"

Fri Jan 19 10:15:25 UTC 2024 - Executing "{openroad -exit /openlane/scripts/openroad/tapcell.tcl |& tee /dev/null /openlane/designs/designs/ci/picorv32_base/runs/RUN_2024.01.19_10.14.24/logs/floorplan/5-tap.log}"

Fri Jan 19 10:15:29 UTC 2024 - Executing "openroad -exit /openlane/scripts/openroad/pdn.tcl |& tee /dev/null /openlane/designs/designs/ci/picorv32_base/runs/RUN_2024.01.19_10.14.24/logs/floorplan/6-pdn.log"

Fri Jan 19 10:15:29 UTC 2024 - Executing "{openroad -exit /openlane/scripts/openroad/pdn.tcl |& tee /dev/null /openlane/designs/designs/ci/picorv32_base/runs/RUN_2024.01.19_10.14.24/logs/floorplan/6-pdn.log}"

